3 0 1 130
1 2
3 3 5 9
5 4 6 10 30 49
5 7 11 12 37 132
5 8 14 16 17 52
5 13 15 20 43 69
7 18 21 22 25 31 46 175
5 19 23 35 47 149
7 24 26 27 45 55 71 151
5 28 42 51 59 77
4 29 48 66 84
4 32 50 67 94
8 34 38 39 61 70 78 97 165
6 40 73 98 100 123 183
6 41 44 64 76 104 153
5 53 68 81 106 135
7 54 56 79 82 83 112 143
6 57 86 90 115 120 169
7 58 60 89 93 124 126 173
5 62 63 101 141 178
8 72 74 91 109 118 142 154 208
6 75 96 111 119 145 189
8 80 95 102 114 131 152 206 274
8 85 92 113 117 138 155 186 211
6 87 105 121 139 176 233
6 88 107 122 140 182 194
8 99 125 128 146 147 181 192 240
8 103 127 129 157 160 196 215 247
7 108 133 156 158 199 228 256
6 110 136 163 201 223 257
7 116 137 166 170 205 229 278
6 134 144 172 177 219 231
7 148 171 174 190 238 251 272
5 150 185 195 242 262
8 159 187 188 191 235 248 250 252
4 161 197 255 270
7 162 193 198 202 207 264 279
7 164 200 204 209 237 265 288
7 167 203 213 214 236 266 293
5 168 210 217 269 280
6 180 218 222 253 283 289
6 184 220 224 239 287 297
5 212 225 230 241 291
4 216 226 243 292
3 227 232 244
2 245 254
2 246 258
3 249 259 268
2 260 271
3 261 277 282
3 263 281 295
2 267 284
2 273 298
3 275 276 285
2 286 290
1 294
1 296
1 299
0
0
0
0
0
0
0
0
0
0
0
0
0
0
0
0
0
0
0
0
0
0
0
0
0
0
0
0
0
0
0
0
0
0
0
0
0
0
0
0
0