2 8890 6517
2 8670 5071
2 2384 7206
2 7013 2736
2 1135 1880
2 8773 5982
2 3654 1855
2 6252 7948
2 719 4887
2 4679 2591
2 563 3202
2 1178 2573
4 7109 3321 8397 2851
2 7468 7678
2 3696 7110
4 6031 476 9569 7937
2 6321 2887
2 3578 4796
4 6403 5480 3246 9865
3 2015 3647 6600
2 2418 8727
2 7227 4818
2 9121 6527
3 1105 8088 7376
4 9550 2660 4476 1403
4 7913 5091 5891 8308
3 311 3539 6441
5 9913 306 9921 3733 3931
5 8758 9459 8722 1680 1293
3 8878 3358 6610
2 2176 6753
2 7716 492
5 9449 5983 4390 7182 4841
2 6039 1817
2 8227 5067
3 549 5991 2939
2 4829 5903
3 2735 5649 4027
3 4948 7325 8994
3 1776 8184 6544
3 3580 1563 2053
5 3090 7862 1399 3507 4996
3 768 8967 1190
5 1209 8578 9954 6521 5697
3 1560 8965 9287
5 9313 4644 6377 8895 5950
3 7957 3708 8563
4 5934 4058 6912 1159
5 3055 7929 666 9377 4811
4 6466 4435 3147 5441
4 5018 1040 2297 1339
4 4758 1269 7575 820
4 1273 7119 1192 7909
4 8292 4214 3608 3560
4 4309 5717 8711 6190
4 1867 3693 1803 2758
6 2519 7952 7108 3760 8139 6935
6 6381 9563 6745 8306 3536 995
5 5970 3371 5245 7804 8730
5 6822 622 1194 4011 1344
5 5324 8950 2944 9927 5821
6 2465 7657 7561 9864 1381 4557
6 4078 8102 1874 3936 2502 4399
5 187 6541 6965 2718 4325
6 4525 1757 734 6607 5332 4471
5 7070 2695 6913 1778 1000
8 6689 6663 2247 6724 1978 1973 8303 8572
5 3629 474 8520 499 4941
6 4839 3607 568 7088 873 5226
7 6670 6228 3008 7346 2212 3809 8156
7 88 9847 4842 3030 8290 364 8596
7 8477 1005 8395 6160 7891 9483 1626
6 423 3442 9084 8189 368 7581
5 1992 8204 7711 7347 2528
7 303 6412 4687 7399 6150 9925 3491
6 8175 1138 4494 5222 4467 4646
7 606 4071 5868 1866 789 6879 7433
6 9752 375 8342 9090 3291 9824
8 8731 9216 268 3655 4352 2288 9750 1015
8 3549 6901 4150 5343 7779 2346 6644 8008
6 9619 957 5693 8029 7355 6686
7 2883 7956 2008 4788 3257 3362 4469
8 5335 1097 3167 29 4475 9985 4411 9803
8 5235 2316 445 4379 6633 1002 8192 3111
7 7965 117 1515 9901 6794 1208 8824
7 2917 6198 9581 8564 9920 3381 978
7 5440 9675 3555 7911 9649 9252 7632
9 6277 3253 297 4066 4536 7020 4717 2430 1452
9 2720 713 2986 6424 8587 1512 5721 8071 2669
8 9409 2061 9679 5161 8509 4877 3614 9868
11 2432 519 3988 5341 3692 7799 8458 7379 1376 1356 8046
8 9003 3855 8640 2774 8489 7198 9251 7025
9 3817 5086 1315 9283 6694 3333 9463 7444 5513
8 3307 8962 8420 5381 8086 3758 9349 180
9 9976 4637 2912 8329 3471 9935 1860 4048 1555
9 9514 7401 2941 7229 2589 6740 5562 3341 3749
9 672 2869 585 7318 7709 1113 8073 4520 9723
10 5445 7429 6695 3743 1993 1228 9402 8792 7464 4793
11 1066 5192 6961 489 2327 2166 6884 4836 1146 2486 5272
10 2571 4618 920 3281 5300 6662 5858 1206 872 7458
9 6002 1335 1664 8728 8840 5615 1421 1529 773
9 6263 700 9979 3168 1492 3990 6208 5371 7773
13 7499 6916 2559 2576 6649 9187 1724 7114 6735 3193 2445 8332 9931
10 8708 6831 4894 1735 2324 7993 7329 2717 9044 641
12 4742 6815 1888 61 4098 8179 3245 1773 3104 9579 1067 9999
10 7475 5497 5860 5598 9140 6654 3409 4084 7284 5059
10 4094 7040 2135 1833 2507 477 3311 3334 233 7061
12 2920 5299 9707 5716 741 9670 3527 8158 8892 5307 8968 8330
12 4601 8703 1543 4307 7877 5402 2296 3651 2026 1959 4070 8253
11 1305 9325 961 2949 4090 6418 1384 3540 4255 1319 7809
13 8310 273 7861 222 2020 7640 9291 7864 726 4511 7196 9763 4483
10 677 9888 24 580 4586 5491 7319 864 2751 9515
12 4059 9305 6783 3103 5902 4495 8271 8024 1323 9744 7684 9360
12 4008 6807 84 157 6361 8787 1794 3138 457 2112 9186 5478
13 7928 4143 7141 9523 1815 1447 6044 567 400 2495 4629 7613 9049
12 3156 372 9799 8675 3025 5971 8302 7210 6200 854 1023 5886
11 3869 6706 3457 219 7455 817 8739 5295 3557 4006 6960
12 9393 8518 8406 541 1879 3918 5237 7224 2649 4065 4301 2620
14 7463 769 4377 4346 5406 3239 3667 4984 3640 1625 9845 4830 5553 9520
11 5769 5885 3149 610 9046 696 8459 5954 1177 1143 8402
12 3444 4855 2356 6456 7064 7156 2538 8566 1363 6536 3729 2866
15 6115 55 583 3564 5304 6843 1414 1024 2523 7373 8546 7122 3028 7519 2816
13 5424 1353 9411 6529 3697 2123 7768 9636 908 6591 1706 4181 8196
10 1528 113 3049 8149 4387 1013 1524 3739 1246 9693
11 8559 2278 7849 1838 7810 8586 9996 5017 6430 8719 2265
12 6952 4882 3410 2531 3236 4693 3430 318 2981 1844 4337 5775
11 9207 2429 2313 7140 8557 6877 9267 332 5377 9249 2951
10 9020 6269 2233 1406 4648 1970 9503 6076 2412 1022
9 6767 1332 7687 5743 7846 8447 211 4528 3207
11 9626 8698 9698 5227 3249 7320 8426 209 3833 4588 4417
9 2828 6502 3826 1734 6239 9109 4450 9346 4604
10 6900 6656 9820 1609 1651 2642 5711 6744 7147 5127
9 4056 3546 6135 8020 2742 2074 6293 23 1545
10 554 7293 1784 6485 2714 2426 8902 9804 9019 7621
10 5881 8783 1407 2942 4537 6155 7314 6327 4838 6143
10 6780 8213 7435 9347 7553 1697 4154 9735 7453 2709
10 7188 5218 3596 9452 6851 3396 6245 6647 3225 7482
10 4873 6139 902 6304 9385 1252 7662 6515 9489 7813
9 394 9166 3276 8055 9495 4624 9289 1785 5578
9 1227 1883 4781 8848 8370 874 8348 3230 9359
9 5027 7028 9052 1090 9011 4863 2825 7075 1140
11 8630 3294 1605 7180 8021 493 4815 6645 7534 6238 4949
10 9733 1637 4583 7889 8774 1142 2896 6825 3086 7760
9 6189 3005 2788 965 8254 6567 5593 1922 3638
9 7186 3197 8736 315 3092 4507 7097 2541 3861
10 2603 1170 6849 3384 4635 2690 7934 9613 310 835
11 190 2079 2436 6410 5732 3566 7239 8788 4052 8278 7437
12 6404 3579 5358 5034 513 3368 212 6340 5914 7972 9451 3185
11 8932 5387 7230 2928 5572 5887 1430 39 6463 389 7713
11 19 5727 5808 699 8104 3779 6473 5662 4405 8111 6090
9 9405 4208 6752 3773 47 9702 1676 1061 1114
11 2424 7612 1438 9852 3176 481 1326 4493 8245 4138 6665
11 2738 7129 2748 5517 8224 2056 7152 5679 4329 4361 1562
13 658 7287 6658 7512 5500 7102 5626 3778 379 8553 229 9600 4922
11 8484 1372 9406 2512 2915 8448 935 984 3530 4317 240
12 8262 7398 9128 6053 6669 3512 6173 2171 9418 3388 8490 4795
12 3575 6558 8277 6004 6409 8410 415 388 7990 9048 1594 8607
10 3148 6110 3029 7546 3603 3325 7816 8605 3926 7600
8 2536 8323 442 4228 8173 5382 7383 7362
11 8425 6123 2006 3849 5540 5516 4107 6762 7068 8571 8000
12 5213 9473 627 7677 1564 5621 507 6399 6197 1027 5296 6520
12 4260 8435 8699 7927 9586 1685 313 767 5780 5883 2007 2625
12 109 4885 8376 5698 9869 9071 2132 3669 3751 4420 5597 295
12 6329 5875 5654 7585 1186 5920 4205 7113 5444 1713 8364 3626
13 2641 6199 4428 8715 7248 4482 1908 6222 881 7506 4580 7844 532
11 739 8209 1852 5049 4761 8464 1111 9737 1433 3824 8433
9 7471 9246 2147 35 8995 4913 8780 1695 8047
12 1630 4706 2899 9412 9556 435 2198 2470 8035 1459 3709 9601
11 4546 2838 9851 3891 9030 977 1835 4709 137 6583 437
12 7704 7082 2230 3017 3050 3116 2654 8373 1956 4492 8762 4308
10 2357 5359 3865 730 2782 1102 7535 8028 1037 1998
14 5948 3208 4437 9544 3354 6875 7380 1949 9138 2343 174 3298 8606 3237
9 1689 4164 8588 8614 2031 8940 8493 384 5968
11 6493 9191 6756 1260 5158 7438 8996 6548 5969 2463 9350
11 5113 6747 1100 7428 3910 6550 6966 1422 454 5919 9530
11 1593 945 1251 4455 6125 7337 3433 5437 2359 7015 3755
12 4414 8449 5710 4080 4666 2000 3232 5557 8244 943 1131 1327
11 9137 8978 1995 2216 7579 5344 3694 2099 5325 4177 8654
13 3951 328 9306 3947 6420 9042 6563 7174 584 3767 5979 446 9721
12 1984 2791 2422 8207 6634 4940 6244 9897 4559 3088 1087 8501
13 7116 7451 5856 9255 150 856 6480 952 408 1411 9740 9642 7460
12 5990 5510 6206 1218 601 7277 3740 6274 6319 5975 6348 143
12 4959 6924 9691 2957 1267 7867 8194 2984 494 8815 8599 7522
10 7104 1674 4196 4349 210 9497 657 636 8793 3827
12 8629 6168 9627 3632 2382 7663 5169 2760 9436 9914 5471 1207
13 6457 5393 2293 3510 6475 3398 849 2075 3685 8326 4736 8753 7855
12 4223 5466 9282 9890 4207 9179 9392 97 8998 4523 4868 7264
12 2106 2143 2511 1010 533 7446 9100 3315 7176 249 3161 923
11 9768 3024 6164 5425 3594 7000 4636 2693 894 5985 5334
12 5818 7357 2975 6765 951 1755 1365 6484 3986 8830 2177 1322
11 271 2401 7557 9464 1046 4953 1016 5317 3635 5573 5190
12 842 3160 2335 8440 5347 4029 3537 4744 6850 3145 8422 6687
12 3329 3601 2455 565 6220 7884 9199 6247 350 613 7655 644
15 3196 5487 3067 8832 4421 3445 7193 7342 7778 81 2710 3163 5742 8913 4817
13 5744 3976 9965 1221 1777 3453 6133 7555 4433 4802 2977 1736 1284
12 8713 6786 8274 3188 2167 1 6009 2954 2191 4810 693 766
12 1635 7117 277 825 4973 6575 7988 8038 9229 5864 5909 3367
12 3170 6068 8573 2783 3066 7994 4862 643 7971 7483 3389 1546
11 2784 3572 1588 8536 7668 4854 9135 4249 5134 2308 4321
13 5112 3424 4194 9874 4807 3199 2754 3181 6597 6904 3135 6129 6018
13 9685 4184 6202 4088 2333 378 1474 9817 852 8661 1670 798 9910
11 1530 5189 6547 3680 5830 2706 8809 9687 819 9372 1018
13 5746 6741 4112 9815 1628 3051 8167 7679 6910 4470 576 9509 7432
14 9974 4170 8548 8040 5816 2338 3502 9381 799 5635 5140 2237 5281 8048
13 166 4200 5748 1655 6503 4657 5124 7037 4939 688 6855 3272 89
14 9595 9274 8203 5541 933 3022 8609 9232 3278 8481 6692 9686 264 218
15 3459 9087 608 1869 1240 2881 9457 3940 7275 5008 4012 3508 6509 7771 2448
13 5060 892 5890 5285 9105 5054 6580 921 7150 9754 3689 6382 6834
16 8979 3461 9469 6951 497 9180 3169 867 2125 7599 594 9848 6499 251 2615 9099
15 2963 661 7638 3991 428 839 6523 9364 2240 2556 7680 742 1789 262 3870
14 2711 8328 8786 9575 4141 4704 141 5764 3439 5556 6298 8679 3705 6152
16 2520 3989 2566 4720 2982 8188 2173 871 1561 8031 4043 5498 4419 3252 5138 818
14 4233 3317 284 8991 498 5156 105 6333 5658 684 8200 1763 8946 3288
15 9401 5369 482 4826 2731 2178 5287 5426 6114 6462 1842 6581 5589 1289 5254
15 1489 6455 5771 5282 164 8298 2480 550 7924 9658 7153 1821 4898 1427 8893
15 4935 2118 718 8803 2937 6089 6062 4819 7940 7497 9541 605 4022 1586 8119
15 5006 4630 1904 780 5829 6618 2368 8099 6622 1682 6830 8886 5705 8070 7767
16 4910 7372 3068 4404 354 2551 9836 4415 5062 6680 3650 2678 9519 0 5669 2457
15 206 3426 448 2518 4615 7811 1721 230 1513 6387 2582 3330 8929 2298 7899
17 7792 200 326 950 2663 6141 4123 7019 5457 2857 5373 1286 5639 3312 6988 9663 3324
16 6804 1313 1518 6922 9065 1346 5910 2645 2805 285 3027 8340 9732 2593 3887 6246
16 9806 4875 7226 9512 9819 1537 9833 524 9810 928 4100 129 4191 2269 2491 6477
17 6159 530 4848 6265 7255 8110 1565 5917 4068 698 6397 8958 6801 8982 6514 8726 2606
16 9666 7648 8915 6413 2686 559 5994 5064 8819 592 6995 3061 4438 7280 609 807
17 1030 5636 9830 5955 8868 4938 4003 2527 7014 5021 9462 600 3438 3890 6207 6911 8934
18 8574 7430 9487 9353 656 708 5847 6416 624 1947 9862 7930 7997 1021 7218 3504 3337 6828
16 6192 8157 6255 267 1797 1553 3227 5394 5211 6540 589 9966 3516 9986 3633 1216
17 4661 2539 4733 1634 7434 4024 578 7078 9644 7630 940 1666 5828 1442 4275 1478 2326
19 1121 502 5686 7686 6078 5660 9062 8620 9784 7363 9748 9258 4465 9076 6914 1642 7496 1507 2090
18 9813 8309 4673 6942 146 5724 5374 7316 2790 6699 5470 9403 4373 8975 4412 1426 5348 6869
17 9316 3129 4686 8747 7494 4481 5809 8239 2128 5171 4135 6320 5072 2812 6365 1088 8499
17 5089 3821 7876 6003 2916 9130 1977 3867 6297 2882 9474 9548 8632 3178 5813 8251 1652
17 7406 409 9382 8653 5815 3952 2680 3722 8935 26 1918 71 5164 4500 2806 3903 5749
18 2681 2780 7666 6474 5712 4403 7191 876 2630 938 8906 3828 2619 9760 6564 8581 2454 1009
19 4575 4794 5507 1830 3114 3475 633 3205 3624 7267 7368 7782 9880 2510 7056 1035 9301 5294 9484
19 6307 4502 168 9757 1843 4645 5913 5241 4584 7926 5532 3216 5851 5997 4774 3703 1751 9648 8569
16 9320 2657 3830 4705 7710 2473 4366 1051 6868 7610 9055 6072 9528 8891 5147 204
18 4833 1955 1986 9485 4914 6537 553 9478 6104 8857 8153 1889 7815 7854 879 6226 4212 6032
16 3403 9631 3191 57 9341 9576 6907 9659 7501 4950 7635 7835 548 3265 1118 8625
17 8462 1804 1640 511 6023 6251 5260 7643 1428 3432 8881 9021 2481 7904 7753 8430 4757
18 2626 8784 9705 6903 1508 9002 8909 5782 8820 3277 4569 5168 6495 4763 8885 6889 7146 5973
19 5996 5214 4980 4299 9657 1627 5674 1864 3829 1709 4074 9083 6560 9295 5570 8845 4925 2411 7784
16 7631 199 9625 6402 5690 6729 189 2330 8334 581 905 7703 1385 31 7476 4005
18 9602 9012 5090 9549 3783 4202 1613 9158 7609 3292 1882 155 3805 3515 5197 5561 8900 8948
20 6296 8198 989 7690 2577 6512 8761 382 3119 5094 194 6301 5801 1056 3552 8230 6349 6158 4823 4501
18 1054 2537 5668 5650 5366 607 3731 8237 1781 2933 5763 9533 6894 1400 6124 2858 831 1300
18 7249 9640 3966 4409 9037 348 2852 4857 967 4698 4824 1229 4573 9253 440 1615 3620 1559
18 6450 9286 439 7085 3036 8259 2406 8851 3570 680 5391 8473 884 4015 9840 1659 8276 5953
18 5554 3541 69 5602 6526 9273 5962 2122 7498 5176 5734 5877 7195 1936 1893 5604 1285 962
17 41 6711 3375 3220 7682 5279 2809 6562 3534 6116 9929 4727 6363 3964 5812 1849 5646
19 9543 7086 4782 4656 6119 2119 1768 9741 3211 5664 7510 946 5255 9788 8999 1847 438 7601 3517
20 245 9559 3717 6021 5756 330 6132 772 8798 7296 7650 3905 8357 3320 5898 6725 1935 8215 8080 3064
17 3786 5120 2036 7190 4957 9949 6630 1660 320 2561 7788 3774 8568 1007 2747 1333 2998
20 4109 5025 720 9654 4658 5751 9681 6013 4971 6596 880 7707 2142 7330 4572 9047 2155 5811 6 4622
19 4867 1223 8133 640 1913 6886 1181 5298 1431 9160 4121 5000 7720 2876 5509 8619 2337 4320 8235
19 697 248 2973 4020 2060 5495 6313 2966 8413 4496 2021 776 4936 5384 7688 7050 5842 3959 3020
19 1276 3108 2305 8085 3583 6380 9645 4965 6674 4561 7757 2768 2004 9588 4991 427 4530 6384 6060
18 128 4153 1500 3615 982 4639 6946 2612 4772 2777 1533 9621 134 1808 6845 9878 2677 7228
18 9078 8835 6012 7787 376 4344 3122 7516 21 1819 2684 9153 1610 486 3957 5776 9184 3941
20 6836 7465 5663 8823 4115 8937 3117 3345 5622 3469 9322 3256 8471 723 8986 5346 631 9257 8622 4241
18 7574 8816 6058 9345 8529 4119 425 1891 4773 2729 9444 1854 8394 7511 1940 4122 8561 8319
19 5535 3263 417 3840 2323 7665 6066 8667 6769 5941 5908 5738 3091 7200 4175 6371 6614 1744 7036
19 7975 7637 3544 9524 4245 7448 7386 8506 8339 2923 9826 7528 8704 4000 4952 4172 8389 4812 2822
19 8351 3816 3915 8554 753 3802 2602 9647 6566 582 3699 5080 8297 3519 7189 257 6322 4716 302
19 8382 6069 8856 9620 4028 4595 7933 883 7659 5608 6306 9456 6362 5365 5461 7836 6616 7059 8199
19 3490 3200 4250 9064 9410 5628 645 1364 8182 3496 369 5479 8061 784 8356 5098 7450 3503 1439
20 3866 5699 1723 3605 1693 7479 6261 3393 5684 2315 1590 4235 6543 6225 7658 8202 3081 432 4900 9461
19 1527 9297 6710 9314 7492 6984 4990 6962 76 6999 538 1416 2063 9245 7408 2499 18 2032 5198
21 9805 3073 7870 9743 6538 3789 8806 7558 7762 377 2370 6146 7387 80 288 7672 3864 3889 6311 4069 8441
19 8434 6186 290 846 1281 3949 7143 9624 4274 2546 9682 9664 9471 5223 8107 6015 7053 4127 8123
20 5205 8346 2440 6498 5107 1487 7010 5238 9639 4832 3173 4840 5326 4385 620 9755 8411 9608 685 3688
20 9926 5957 1460 2999 3818 127 353 4147 8097 1071 1034 9943 4082 558 2405 4231 9726 8201 2983 2862
20 975 7580 3554 6771 3414 2442 5088 7457 8610 4072 2407 1132 8822 8304 3472 3296 1623 5404 1225 5926
18 615 9104 830 9182 986 156 6582 4314 2670 4992 8077 6256 5152 1481 3492 8666 3850 6080
20 3462 6718 98 6000 9118 8615 5952 5465 9238 6056 8431 686 8828 4051 1108 2749 5412 7436 1633 7093
20 6338 8285 1503 2639 6356 161 1239 4063 2907 7633 9270 5350 8170 4152 6259 5762 2096 7878 4286 9770
20 7236 95 9680 4602 7847 7203 6989 5433 2121 5481 6974 6102 8549 8565 4678 2487 362 9883 2902 7733
20 4665 2904 7243 1580 506 9477 8665 3102 9156 7392 9321 3759 7090 7536 2263 7367 5141 3702 3134 7524
19 135 7554 2967 5539 992 7364 5603 1299 2192 7080 9072 1818 25 5330 5518 6099 926 165 4599
19 5757 655 2261 8768 4035 9738 7344 8785 2246 4625 243 9798 2162 2549 8240 258 6214 6518 7181
21 1200 3411 802 5719 1729 5135 2653 7729 7903 4924 5380 8284 7588 5136 1925 2283 539 8949 9764 7410 2408
20 9045 3875 3921 4869 9751 9127 1098 1415 1679 7749 3210 3323 836 1780 8936 3179 7744 9714 4753 6170
20 4225 6128 5888 9557 6969 4786 3338 9652 1282 774 5610 985 5802 9903 7157 7023 1772 7742 148 5884
19 6029 7683 8681 4659 3194 4355 3434 6248 8218 8108 7627 7699 78 588 5178 5895 2070 6792 9146
20 9633 3083 2605 4291 4139 9394 2979 5221 9379 9607 4204 6880 1538 8914 2342 2204 9398 2795 2300 4600
21 419 7874 4410 1873 6927 9068 9505 6657 7830 1199 2694 5502 8971 9739 6075 5151 324 3637 5961 5536 6212
21 5777 4558 1792 8989 5234 2781 252 9151 1831 7898 4224 9894 6755 9542 3810 8526 8825 2136 4339 5531 5376
21 2399 4246 3938 1272 5012 6648 4326 2115 1930 196 8904 5730 7352 4762 815 3297 5505 1077 9895 3014 73
22 8338 3105 4285 266 2180 5375 7162 5400 5844 6426 8843 6678 7125 5268 3006 2092 4333 3917 441 1663 8718 7371
20 9696 9254 9634 5678 5428 8037 8652 2702 6243 3454 2722 2478 8672 2476 7094 9599 8006 5248 329 6127
21 7602 9947 1997 1233 8791 6985 595 1160 3429 9849 4244 7142 964 8064 687 4340 3844 1354 1367 7295 3741
20 3602 5182 7172 6615 823 8445 5405 6832 979 8534 6602 5320 7521 1094 4144 7127 1303 702 948 9967
21 9944 9144 2497 2934 7737 6357 8412 4872 8505 3031 2270 9026 7556 8010 4468 9211 8702 488 4931 2172 107
23 6360 4064 483 172 3666 5291 8421 4371 8782 7872 7334 272 991 6452 5785 9856 8759 6217 1144 1645 762 9097 7509
22 9628 1994 3585 1601 7628 2217 1762 9458 3609 1979 6932 3811 515 1316 9708 7775 7291 8341 4735 7842 4054 2203
21 4920 8146 9562 32 5779 66 9561 3904 1944 7727 2715 7340 8115 2462 7747 4436 4751 1919 1699 1085 1923
22 2425 4016 1201 6454 5503 1215 4099 7513 8953 2234 2557 744 2431 7706 2433 7242 9338 470 4808 1579 579 4374
20 956 8419 1963 7382 2207 9159 8585 8023 990 6389 1525 1026 1342 1894 1703 3868 2629 2251 5889 9960
18 7572 3972 2464 8353 1453 7503 7488 5306 4358 4730 6431 2524 9756 7947 9653 1280 1542 6291
21 4703 1550 4137 895 6272 3482 3524 9896 1096 6085 2057 6059 2285 6282 6887 8056 5580 7518 6717 9567 8618
22 119 6316 8772 6438 9190 422 5409 7882 9822 7754 4768 5559 4173 8576 3001 9697 323 9861 5322 7069 3611 8275
21 8637 6818 3906 7759 5228 4503 8379 6178 5070 8160 6042 5484 3682 6325 4722 8837 7859 6576 1129 4140 8147
22 8521 7312 6352 9511 5601 3493 6805 2543 115 5579 2052 2931 5810 9092 4351 2416 9672 351 9609 8923 5084 6019
21 9769 5240 8079 6601 7477 629 6279 7614 6681 9397 7520 2740 5980 3431 4972 8345 7478 188 8633 6470 8120
20 8766 1863 6305 2997 8190 4089 254 7490 4608 9231 7250 6229 3060 614 1462 6355 9058 8808 7393 5790
22 5566 2992 4613 5303 3054 9761 9481 4256 542 9324 8767 1394 9919 8359 1554 9933 2202 1878 1435 2698 9765 562
22 5212 3058 3319 5783 7246 5837 9964 4441 7793 6898 4221 3137 4073 4210 5850 6611 9615 5683 8162 8538 3848 4683
22 7567 596 9018 8795 7245 7425 8263 8094 6134 6883 6165 7560 6014 5181 4612 9998 8525 5489 2592 6465 5825 2691
21 9951 782 9116 7840 1369 1436 847 3752 7274 2844 2765 8294 3968 4442 651 4252 4672 2637 3229 7989 1157
21 6842 8682 8155 1845 4477 40 1176 6696 9089 8009 8624 4025 1119 5820 2811 9540 418 1341 7789 1060 8942
21 2856 8093 3026 5627 3721 7642 7941 5001 1568 4937 4942 322 9899 9578 54 5010 3676 2936 8508 4432 170
22 7323 9871 7685 152 2409 9617 6336 3970 9553 6793 7259 7101 1806 7071 2894 3911 6046 7892 8838 6817 1722 2252
20 3885 2651 3879 4605 5087 2969 9284 8150 8063 153 6264 8344 654 5378 6773 4261 8468 3571 2773 3120
23 4050 6749 6742 1175 241 1349 7282 6172 4159 8743 397 8437 7192 9821 9363 8325 3634 4174 2091 8249 2310 8113 8377
21 6856 9795 3807 761 475 2320 9952 9357 7194 3992 3213 2793 3980 1321 5475 1347 7736 4542 6761 2926 2509
21 6425 7698 2250 4652 9712 7732 6081 6677 3750 561 3494 1976 7285 2124 2483 45 1654 712 5676 5977 4556
20 5477 3842 2952 7209 8187 5701 8694 2893 5486 3222 4712 9843 1253 6184 7623 6936 5533 2697 5653 2170
21 8219 6392 1667 5036 2126 2675 3228 8229 6683 9376 8745 3395 8081 291 5840 3548 1813 8623 5652 6795 7175
20 8059 3542 5584 4713 178 1937 6460 9513 1464 8987 4258 3293 9924 4381 1486 5118 205 4364 5293 5665
21 1386 9450 4297 2059 1294 7134 7066 163 4539 9299 1283 1073 43 8248 5736 4380 3322 6445 770 1213 5020
22 4376 8796 2140 3038 2105 6698 7135 2110 3476 5340 2154 9978 5106 3387 2364 2071 393 5834 652 535 4779 3456
22 5892 5511 1222 8955 3082 8191 1746 949 1875 8662 8687 6617 4345 4004 2428 5648 1764 4548 9787 2516 7467 5575
22 5620 3616 8034 9832 8671 2745 6346 1297 6925 6751 816 6820 8387 1298 8335 5229 7978 3771 4401 4220 5232 3737
22 9164 8042 7211 6024 7916 3531 4828 3465 4532 918 2144 6823 6679 5430 8469 5401 5257 6417 6005 4844 1473 1437
20 381 611 5799 4017 9731 9264 8051 7065 8721 4198 5747 6928 5383 5066 6335 2474 756 4510 1359 4592
22 3565 2570 1684 5453 3215 7043 7096 9031 3099 8293 2042 1551 6262 412 9453 9713 14 5506 706 2196 8862 8238
21 6764 2181 3701 8523 1745 6098 8214 5201 2599 8343 6578 6131 9448 5638 6427 101 6035 4691 3347 8870 5874
24 665 2235 4101 8831 5656 9375 1311 5193 1779 4623 9054 216 5976 5396 4932 7718 1358 6145 764 4230 6768 6631 6603 7391
23 3795 1491 3420 7922 9492 8876 444 7466 5632 7381 1591 2769 9939 9175 9583 1423 2003 1126 9147 3630 8888 5819 1905
22 2245 7442 3112 4372 2033 9466 7693 2948 6672 9908 1914 4852 8121 7265 7233 6010 5634 2815 4427 2100 6241 8700
21 6703 9527 9209 1169 4356 7309 8864 2415 1921 8004 2461 5097 5327 198 8126 6224 5618 4162 3791 1705 9749
20 9872 942 5838 2673 8827 1004 1166 2439 3625 5379 2311 2037 9081 604 9580 5431 3327 9004 4281 1020
22 5351 7883 9538 1324 7912 120 5100 3785 1541 9221 9029 3359 1042 1707 1816 8281 7031 4956 2127 9668 763 7986
23 6739 3047 1910 9202 2732 3098 7315 6268 2796 6727 4209 2498 8432 2413 6530 1296 6545 804 1895 3718 5549 5758 3033
20 208 1106 9262 1256 7697 5045 5933 959 3592 6157 4335 3374 1814 3728 8931 7051 3023 6676 2376 1732
22 2635 6446 6101 2776 6809 6716 2648 8014 9143 2374 5117 7130 4092 8805 2381 2889 2970 7577 3158 6895 4157 5130
20 5352 5263 7785 2652 1859 6121 947 4654 8475 694 7288 5416 2334 7800 3166 5146 3143 4820 2819 464
22 2041 8368 6584 8504 9858 7629 9912 15 8500 235 8917 1933 4985 4915 3363 8752 7589 1156 6323 6766 7235 1939
23 3270 2077 7034 7901 102 1496 1942 987 6041 5092 4944 9441 7461 8270 7121 736 3056 911 7705 9024 7756 2134 5467
20 4396 6034 9537 7730 5116 2209 6848 355 1702 183 2214 179 8522 7241 844 3206 455 8451 4799 2961
21 8575 9419 3366 7276 3290 7445 674 3394 8007 9534 242 3919 5687 7062 787 2759 5215 259 4968 1931 9829
21 8128 6048 7856 7636 4328 1710 7048 10 1307 1688 1786 4850 2995 3852 3063 4169 6028 3046 8365 3679 6191
21 4587 100 7692 7263 6359 8860 5099 9056 4117 7009 6874 223 6511 2088 9745 850 6074 4901 7917 336 8331
21 3663 92 46 7041 7456 8266 5792 3044 6775 5184 6203 6813 8016 1836 2872 5625 6501 750 2836 8641 8947
21 922 6814 2585 9564 8300 8542 8659 929 2935 6312 5582 5104 3736 1519 3730 2529 4668 1074 7673 1092 5563
22 3370 5267 2831 3784 1700 5995 8510 6864 3845 402 3973 7802 6572 5590 6561 207 6302 4577 6300 8716 6840 3440
22 832 4764 2919 3451 4664 7769 2548 93 3186 3356 3300 556 2668 1262 1811 5960 4614 1350 1526 2968 6051 1202
22 2799 572 1232 704 2377 3657 3790 9288 6235 2596 173 8258 1371 3419 2567 2820 8678 269 3280 7290 6350 748
22 4806 4585 9610 8642 300 3839 8272 2867 3597 5314 6722 9547 2451 1432 1446 6891 1219 8095 5003 3591 7667 3883
21 6638 8403 5082 4034 3981 4884 1981 1393 8540 4272 9661 42 6154 3820 4148 7992 3273 1180 2277 7918 1479
21 5069 3993 8367 1587 3165 5031 106 8551 9205 6281 5166 5258 4238 3079 1712 450 3700 9336 1408 1456 4392
19 3468 1511 659 2525 4858 6571 4365 4060 1747 1749 6249 8354 7634 6535 9124 360 1064 6917 2055
22 2352 6398 1884 7253 2011 4397 833 1466 3754 6824 3487 4423 9945 973 3118 8757 1899 2879 3390 5637 722 1950
20 6652 6216 380 1846 5899 1476 9790 1946 9225 5520 1033 1049 2763 3598 1759 5946 5912 13 9831 247
22 8854 9033 2613 709 1985 6331 2048 9038 2156 1383 9103 495 6309 1769 1258 6976 1795 3681 5544 8503 707 4023
21 5187 1733 9276 9570 843 4302 6106 8918 912 4675 4906 7741 9989 3209 3407 312 9294 3835 7136 3533 2530
21 4318 1352 9242 1211 9641 9268 1531 2444 1424 510 6038 4176 6790 1858 191 5 5432 2865 4298 8879 3310
23 7232 6182 3477 3435 6270 3261 9812 7187 2534 3714 6513 3235 1308 4963 471 4647 5703 6720 5773 5316 5463 2922 3965
22 2600 2741 8951 775 3675 461 8945 808 3221 6406 4626 528 3076 7247 5414 6516 2624 5949 828 6112 2840 1662
22 2787 3732 9923 6213 1862 9263 3532 3271 5250 3782 6447 3360 647 7919 673 2849 9587 5644 690 7057 9552 8154
23 1647 3057 751 8882 3775 1521 9516 2477 8072 1368 7790 8749 1535 3590 4030 2050 3198 1380 6899 3742 1377 3042 3613
22 8530 4007 4593 7595 1412 9900 6344 4104 8460 4136 9630 2682 2739 8231 1765 7328 9170 7954 5937 3853 5202 3643
22 1465 7208 4171 9134 6784 3793 147 1752 5700 9167 6873 2016 1320 9961 3794 2792 4142 2069 8082 8663 1204 3619
22 1557 3636 4607 4485 8970 4834 2842 5708 7794 1448 4701 2025 8933 2911 226 4715 6506 9585 6555 5633 6994 2492
22 7092 1245 9684 4213 2753 2054 7167 9987 7796 5386 1715 996 3788 6759 4280 7671 7530 1390 2131 298 9885 4886
20 9171 6967 2385 294 4163 8193 9433 889 4232 3813 5793 7945 6972 5493 1582 4570 5599 5485 220 5361
21 4544 1079 9742 1725 1595 6218 777 4453 4628 9460 6945 5052 116 8839 7426 3125 9057 4752 9465 7731 3478
24 8236 2927 6643 5866 4724 5835 509 3305 5630 4443 5167 8299 6859 1214 2918 8141 727 9501 6626 2258 6782 669 1961 7964
22 671 529 3190 6407 691 4989 4236 1960 969 8760 2762 2299 2354 7651 3900 7100 4447 8483 6148 2608 3284 5707
21 8112 1902 8595 74 4756 5998 7763 3776 7615 6318 6947 6037 1766 8778 4671 3248 5750 9010 1086 6093 4846
22 6705 4643 6896 7278 4880 2453 3146 1871 8058 1264 4947 7047 5754 8875 6688 564 1028 4977 7154 3792 6405 4778
22 9429 907 7777 6280 1309 4114 3466 6064 1639 5005 8755 8165 5496 6303 5339 5053 3427 9307 869 7017 8019 1173
20 9981 8938 8973 6593 7931 8288 7164 5527 8903 3738 3074 3927 9582 4431 4563 8295 6482 1573 1726 4040
22 225 2771 8116 5861 3974 352 484 1396 916 1982 9435 7420 2087 4166 3034 5236 8478 5787 944 4926 2964 9573
23 5642 8176 85 9101 1182 8220 2248 1791 202 4964 3547 4582 3004 1787 361 2378 5338 4928 1788 9119 6606 2993 4759
21 1331 9948 3247 9612 5014 2366 2220 2332 3748 7351 5640 4362 9445 2514 28 1397 5897 7996 5836 998 3528
22 5422 552 9546 7808 2290 2164 9192 5247 1499 3686 2978 813 5893 367 2148 4182 2987 8658 5753 6087 9304 231
21 4555 2404 4384 8018 2565 8407 65 5804 5105 3404 870 9780 4240 3595 4284 822 6250 2329 6958 9507 3184
21 2900 8030 8151 9962 6882 1504 5170 9421 5364 5016 9447 2587 2018 5761 1927 3015 9791 1153 6978 6113 2609
24 4986 9972 91 3062 2362 1081 342 2835 2229 1756 7879 1566 3154 9389 5925 6117 1915 1187 4551 6065 7719 2287 3825 1191
22 169 4749 3513 9177 4347 6094 1539 5794 2034 3847 9163 1409 8598 9040 2302 8053 4193 2475 9129 8083 4042 8865
22 1263 5043 7745 6589 6902 6746 9157 936 3447 2344 2991 1690 4748 3223 1362 1754 4967 6624 4108 5978 8374 8543
22 8742 1443 4398 6367 8952 4406 3846 9358 8316 5577 4876 7923 7942 5185 6949 9807 5024 6096 4479 1694 1599 3569
23 6026 9678 4541 2640 4400 715 4113 7843 9230 8307 7807 1058 9946 3506 9991 3856 2726 4061 8206 3612 2550 1987 2225
22 8273 7171 2275 1872 2264 5208 2319 6921 612 9867 8512 9699 5823 201 6432 9431 4680 5831 3448 7968 7115 9005
22 531 2160 1109 3326 1943 7415 4019 7004 4472 3593 4845 2500 5786 3526 8065 7452 7850 7165 6481 2940 4049 4650
24 2482 6871 7411 2797 4270 7271 8026 8550 7823 7866 4856 5482 9275 3599 6142 1241 3464 1484 1991 4983 4700 9977 3012 1708
23 660 5050 6639 4331 6737 2360 5101 9070 9508 9879 7743 3234 8954 6847 904 167 1877 5048 9555 3304 5159 4416 3259
25 9710 8555 8737 6422 9165 2558 7764 7998 9838 5143 5670 6211 3413 8017 1990 3563 8729 3662 2353 8380 75 3180 7390 5044 5723
22 2696 2578 1475 5967 9303 9592 4473 5878 8366 2197 1606 8532 5852 8032 5420 8355 6788 6621 4363 9061 8740 2650
22 617 5853 2394 4888 4798 4775 1790 4734 4128 4899 6977 7504 2676 2572 5612 5930 8836 8391 5331 7459 2594 7906
23 1355 5766 1250 1583 3746 3798 516 4871 8257 6451 2850 6020 34 5992 334 4322 6787 7027 3441 8322 7343 5896 6342
21 7256 5576 175 3896 1302 458 4689 1041 1310 4388 5357 5186 6276 5918 5126 2703 2908 7979 8195 805 3819
24 3958 2434 9035 8695 374 6237 5452 2402 5619 3661 9278 3266 5019 4747 9422 3171 7358 4367 1490 8790 1014 79 5596 2002
23 4021 1968 7746 8631 7562 1392 5907 255 1047 2947 7798 2447 505 5733 5671 9413 3303 855 3558 16 424 9178 9834
23 1886 4966 7761 3930 6161 5959 4690 2713 2580 6953 3013 1853 8741 6267 4168 5450 8657 3642 8384 7304 2830 5108 44
24 6196 853 4930 6719 1455 4353 1820 2467 9785 3449 4486 6866 434 6180 6812 6557 3485 2027 1957 9154 1983 3690 994 8910
22 292 2291 8800 6865 4638 4167 4777 714 970 8127 7397 5313 8584 4368 4461 4934 1868 7563 593 4311 3041 5865
23 896 1189 2044 3258 8801 9082 4651 9758 2017 8842 1388 6231 8221 3525 5745 7625 7607 9290 9656 2730 9123 9736 3349
22 8118 3364 2076 462 9228 2972 1638 3174 67 467 8247 4165 8922 2672 752 2373 1231 4134 289 9220 1636 8078