29 9475 9488 698 928 7707 5680 232 4828 3904 6331 5856 4818 9497 3849 8436 9595 3605 2200 1845 8839 4781 9840 8252 1583 6943 5870 451 1399 900
29 7277 4830 3765 3333 7279 5724 6580 7598 9393 3675 1096 7802 4456 9233 5093 3692 6323 1858 2270 3089 4928 8863 7687 826 1281 9698 1105 7066 9941
29 9392 9543 6497 417 1278 6278 1133 4231 794 8182 4888 5329 1214 6388 9217 9716 3129 8461 2521 9911 3365 7454 6316 3996 121 439 9293 8360 6246
29 45 4398 7574 191 4436 4009 1165 1160 8649 3678 257 4844 4823 600 5027 1070 2387 505 6476 6307 7716 1703 3521 1017 4061 1705 769 5418 3107
29 156 5798 7096 5914 4219 4655 8991 3335 3430 2832 615 9839 2548 6780 213 3920 5622 8837 7476 9195 3017 2002 963 4783 4646 2571 1295 1503 1911
29 2995 6190 4701 6482 9669 9263 3731 7777 2310 670 5397 9529 2124 3629 9381 2869 9483 7218 2702 3945 4982 8354 9496 8510 8306 5809 3958 3540 233
29 3187 3233 5595 7042 9956 4573 7259 7359 8249 1871 7291 1564 4002 9068 3828 6072 7758 5001 9509 2272 2641 3270 7659 4270 859 7107 4592 6149 3386
29 3216 2563 6578 1407 4046 2201 6452 173 6538 4446 4726 84 7785 7620 8807 7587 6653 8757 8171 8303 8048 6108 7301 7287 2104 882 4998 6639 849
29 4052 8039 9791 5545 3268 5082 81 184 8076 7629 1218 6574 8106 3926 8915 270 4027 1906 7578 3973 6004 5684 2529 4907 1378 4517 5948 4254 1298
29 4935 2146 5952 502 3373 8693 610 5670 1420 8638 8877 1000 1747 4930 6892 8475 9047 6963 5150 9985 3296 5363 8485 3066 399 806 7002 2215 2497
29 8598 9890 4632 9787 5298 2664 5126 6099 1821 3215 1360 3035 8558 5691 6399 4317 2206 1495 3056 8419 6984 767 7895 5016 7154 891 6881 2585 6216
29 681 3902 5532 6699 2506 7482 7086 7117 190 7597 3105 7275 9750 345 5833 917 2753 6850 2128 591 4554 8467 5011 3478 2990 4026 5618 4585 75
29 4189 1387 7494 1909 8282 1462 2053 2591 8506 2707 2835 8214 3846 9287 5720 9355 9564 4482 5415 5605 2750 6855 9631 8648 1209 5907 6029 2213 7021
29 102 1788 8657 1670 5668 1562 9831 9184 7392 6160 2286 4533 9855 2686 7919 6448 1736 471 6739 2974 3097 8101 2619 732 4905 5633 5507 8387 8629
29 6428 8404 7946 665 8906 6995 9856 8831 9675 2960 413 5647 2355 109 7344 1052 131 4043 9465 1426 5271 1922 7600 7714 1682 9099 9869 966 2480
29 7849 7735 9957 5156 7161 7603 7637 6866 9437 1679 5068 4047 7830 387 6716 6846 9098 3376 8186 6957 5421 118 9691 2884 105 6159 6266 1001 5707
29 5835 2823 1364 9251 5534 2555 4530 2637 5772 4931 9973 8859 1618 8426 8279 6624 1832 4780 9480 6394 9105 7303 5243 464 9253 1115 3024 1268 411
29 5482 4801 4794 3643 8327 8277 784 6859 1167 5074 3166 8878 2539 8482 628 6895 4328 7889 842 7083 3964 139 9652 1277 8522 1943 951 2249 7911
29 9106 9696 3503 4214 3762 7769 5883 1770 3803 1310 8988 9575 1742 4425 376 5114 6223 8196 4868 3549 1356 8071 1628 3713 4297 8376 340 9847 697
29 8044 2414 6214 1818 5171 4629 3346 4282 5739 9854 2799 2426 8616 1321 4420 2077 6607 8310 8571 9239 935 4013 1586 8811 2393 3406 3931 3403 7688
29 7138 1764 1060 3260 6620 7845 4694 9477 4953 4413 8794 5501 9072 4081 643 2372 6565 3820 905 6199 5494 9206 3023 3135 2398 5231 9438 9015 8465
29 6570 6891 5503 4318 4777 1631 3722 6167 6874 4264 5322 5584 223 249 5132 9609 2658 3891 6443 6087 6568 6886 8010 4979 1576 5559 2119 4923 2659
29 4467 929 4057 9646 2756 2049 1042 9745 927 5935 4040 2651 3020 9769 4417 6100 5485 2407 840 6875 2861 7266 6926 2732 4020 2706 145 9918 7368
29 9413 1466 5967 5185 1745 6681 62 5916 8460 8486 1290 4519 4952 5451 6544 7018 6521 6905 5617 1201 1561 6047 1966 9181 651 2776 8941 4339 9307
29 3491 3968 3693 5794 6382 3536 5224 7988 2435 409 6188 4657 9809 6187 568 5842 6851 4310 3378 2650 658 7034 4651 2302 7477 6203 5844 7805 6804
29 6430 7256 4166 7394 1863 837 4553 9585 7240 8783 9363 8808 6849 2004 5048 9453 7700 6466 8626 1087 5807 8173 114 8088 8567 1881 3072 6264 2681
29 9168 3075 2335 5113 3763 5448 7488 7944 4083 8316 3850 4401 5018 225 922 9729 5594 8843 5123 8800 3357 6196 6548 3084 6325 427 2444 5779 9958
29 6229 5645 5049 2933 8872 7992 163 7110 8645 2788 9919 3670 5405 259 8883 693 7499 9077 3276 5458 2676 3338 9108 1997 9633 2942 3985 8268 5638
29 9159 7313 6610 1192 1175 2746 8726 5353 6854 468 1074 38 3310 9278 1553 623 5730 6009 4143 5920 5893 5933 6848 7440 3157 4840 1801 7841 4275
29 2870 7901 8386 4803 2640 3036 2058 6395 1149 1610 2802 4435 140 9081 4011 3888 8221 4094 7563 2997 4491 4445 9377 6478 9582 2448 8105 6038 2367
29 3873 7132 9166 2263 6150 4784 5058 5433 6218 8700 5429 4153 9187 8115 7948 30 2951 3571 2246 5078 6803 8280 4121 2282 6251 5950 9615 7178 5486
29 4065 9814 6931 8431 9079 1260 9537 9315 8263 9499 4579 7352 3131 3368 32 3463 1536 8158 1741 1252 6937 3750 7224 25 6761 6901 3074 7854 6576
29 3636 2191 5245 61 7323 629 4942 4350 3821 6523 2230 9110 1003 3584 664 4332 449 4054 3329 5139 1334 7274 9536 4908 3943 9778 1270 8216 9741
29 2584 957 7984 4068 2293 8615 4278 541 2679 2415 4262 9793 7560 8332 9334 8550 4549 5205 1702 4886 2688 988 296 5686 5173 7478 3467 6969 1637
29 4182 8299 4797 7581 3259 8765 1229 8737 5760 2892 3813 9012 2397 7300 3944 7075 3512 7881 7079 3252 2172 9048 1912 6659 7094 5276 7008 3918 5208
29 577 4581 5608 6475 8950 1907 1760 964 36 8904 9056 5327 8507 3543 157 9588 9264 7129 4860 7041 2361 9132 7933 5728 7517 1629 3101 9555 419
29 2717 2648 314 8919 7798 6444 3537 883 1411 1032 8013 7672 8691 5219 1401 984 3599 7248 248 2665 4333 6805 4210 4999 2257 4811 6513 7806 7272
29 9371 8653 2785 5965 4034 1961 8293 7467 4205 7390 833 3286 2780 3136 1968 7044 2219 461 1338 6469 4206 4563 4912 4326 7125 480 5960 8443 3748
29 3831 3581 687 2916 4 4156 7406 771 8251 1370 1849 7706 8821 986 178 2006 2631 3805 1652 774 9578 7391 9374 7734 3214 8987 287 6680 6413
29 4891 724 3361 3312 6748 684 9302 1340 7981 6296 3144 881 3721 8686 1914 4414 1840 8425 1720 5103 3768 9313 3655 7228 1812 6495 368 3472 6835
29 4768 2163 1437 7331 3306 8701 1282 6686 4465 8476 7875 1166 1960 2977 1838 3674 2226 7591 2700 5853 7211 1979 6771 4038 4961 240 9767 5042 6301
29 1566 5030 3533 108 8083 4227 4495 6036 743 2001 5749 4443 2076 6010 382 5214 5648 8414 7023 4991 3965 3223 4613 2072 3614 2779 7801 6142 8909
29 8078 3860 6600 5134 1560 1025 4076 7347 3195 9870 5059 4374 8824 6429 1498 6321 3213 4406 7064 1582 3736 5364 7465 4733 7119 497 8317 7568 4678
29 1717 1833 3911 5942 9073 3412 7572 7872 6919 204 5659 7000 6456 6951 4723 7238 1876 6512 3473 9846 2543 8430 3165 2991 2269 3041 4548 3059 1363
29 9191 9858 9868 6231 5566 3380 1677 6112 177 5425 392 7753 3416 7308 9207 8882 1571 1403 2029 463 6349 2102 7055 7354 4367 8061 3404 5877 8618
29 7653 6330 7235 276 3410 7383 1373 3297 1127 111 5603 7387 6510 1952 1905 9290 6991 5287 9706 5431 1026 4744 1506 5599 181 41 1891 869 5666
29 4611 2711 7395 8356 7890 593 740 4015 5053 2843 1423 8943 3975 3094 5994 700 903 4893 6678 6777 8704 1663 2117 7048 1815 860 1550 224 7917
29 3922 9561 551 4099 9702 8584 7408 9456 2322 6572 5514 4223 3454 3923 2171 3495 5076 8133 2026 8138 748 8676 8326 8818 3239 127 5859 4963 3634
29 8858 8561 6245 3316 5855 7485 2138 8679 5439 6584 4292 3548 2705 710 5820 5373 6726 2327 1523 4439 944 3413 6465 6103 9713 9535 6755 4235 6405
29 9888 7760 3119 747 9416 8910 9329 6244 4724 4370 3078 7039 8844 3685 4918 8926 3641 299 1265 6020 7547 8557 1331 7376 344 6972 6161 9544 9154
29 5254 8267 5846 6864 2350 2144 4903 1342 6978 4588 7815 6287 5768 9458 1249 2300 7159 2425 3728 9401 28 7913 5932 9881 1518 3663 3589 2561 531
29 8141 6956 6729 2693 3735 6211 9825 6128 3745 5821 3637 9127 9116 8278 6375 7102 14 9587 1710 9693 4508 4859 8962 3706 1287 2308 5928 2879 9770
29 8786 4759 4060 6928 1398 2352 4627 1917 8517 7105 5297 2052 3290 8390 3028 6904 8529 650 1366 9294 5563 8275 543 8576 8554 47 2273 2957 7162
29 586 9440 6879 5031 4415 979 3881 5596 6470 9220 2509 5420 5803 3011 1774 1068 2466 1632 4202 1884 2787 6391 8427 113 8043 7930 7729 4708 9700
29 7576 1824 8523 4769 6374 6421 7149 402 1657 219 3362 1557 7443 6809 9002 5443 1391 8336 3754 7070 3140 3862 3578 5232 3661 5398 4793 2810 2994
29 8424 5703 1734 9685 5109 9115 7022 3079 141 3304 2909 3603 2923 2014 2114 3684 2108 756 6336 761 7874 1072 6774 2778 8219 6305 4058 3422 3143
29 7883 8948 328 1014 4966 721 3703 365 9848 1219 8511 4564 322 7549 4829 669 8975 414 4389 3690 5094 1617 4209 2285 634 1428 8986 6561 4300
29 8220 8085 1468 6416 422 571 1076 6437 4185 3086 5035 3191 527 6811 1452 998 9119 3552 2319 6682 562 4772 2162 814 1279 1634 2123 3530 470
29 1574 7613 3128 5472 3417 4391 6618 2242 2728 1532 1852 7345 7596 7001 4813 8578 635 4946 8643 7582 5979 2240 5649 3424 2095 2329 7966 8819 9932
29 3590 1143 2793 4091 2479 294 1095 5170 8292 8728 5530 3507 2044 2790 3609 2251 1057 1341 3615 6314 8612 5145 1372 1874 6201 7166 2915 9330 7502
29 2265 6257 7793 2205 7084 6005 3242 5138 8581 5975 7847 868 8145 133 539 5577 1383 7365 8429 6685 6373 2159 4624 1869 4798 1263 2143 3334 7364
29 3511 6152 4259 1037 9636 5896 8368 8454 5302 5071 2055 3194 1436 1102 6836 9344 2462 8333 2754 3372 9137 8923 4463 1546 1449 4682 3349 3159 3517
29 8946 4107 4766 3519 3612 5436 7016 5446 2194 1120 4679 3431 8861 1701 5379 5540 5790 8702 7040 8817 1065 3980 7445 441 8749 9347 8928 2901 6065
29 719 8698 1196 26 2614 7147 8500 2762 3427 1193 7610 2050 5282 9135 4862 7033 4955 1351 9928 148 8735 2764 9680 8084 892 453 7837 6598 4915
29 4466 750 5149 6402 6284 4018 8281 1898 1306 1555 1749 9689 5661 3981 1308 4177 8200 3359 5246 9429 3749 2210 6986 6053 9576 1820 4674 283 7652
29 9180 1660 8543 5537 6407 5086 970 679 7317 7038 5055 4440 8611 3695 1853 8597 6492 5825 5038 6691 154 3523 3022 3163 6577 3796 3645 8879 5823
29 1999 8372 548 7752 8273 1239 4096 572 74 5838 1011 8047 8801 5817 1482 2237 6106 2379 2453 1748 8930 6536 4848 7520 2691 3173 8374 946 85
29 9014 9960 1348 9797 273 4248 9242 3326 5274 6277 6069 1395 2148 5600 2759 1664 494 3960 8495 4441 7226 269 9539 1978 2976 940 7631 764 7887
29 2209 1377 4543 7120 7976 6348 5499 7441 2541 1519 3262 560 1919 189 5135 7271 8498 2047 801 4686 8021 5576 8451 2454 7711 205 8236 7422 1648
29 1579 8579 7787 5462 3524 2401 8594 3151 7592 1007 8602 7906 8939 2463 522 713 1173 834 2684 6035 1332 7736 9503 1479 2248 5685 2291 3829 5453
29 1808 5233 9366 7648 3396 2036 3443 1322 5176 4483 1668 7082 529 3771 3646 7171 1927 3109 5060 2208 827 765 9061 9572 3588 8077 1916 7533 5723
29 3016 4574 3534 5815 3518 2358 5901 7054 8518 5843 5314 1548 5137 6665 866 3389 9011 2411 7879 5034 5866 7954 6917 8192 9962 6377 4461 2386 9212
29 187 7545 188 487 3811 8714 5522 3528 6312 4289 8325 3606 3127 5848 3061 8780 112 255 3371 9946 4253 9086 9036 2953 7332 2834 9383 4965 2288
29 5832 6227 8177 5237 9806 4250 4093 8365 2161 9339 9562 9029 1319 2589 1892 1866 1616 9471 307 5616 8301 7311 9789 2751 6366 7677 637 7608 6511
29 7426 1204 9037 6970 2145 4084 2106 3644 2470 5183 1233 9908 8899 6486 844 8942 4538 583 9162 6589 4233 7113 6489 9686 9353 6573 3161 1551 7690
29 2586 377 9257 3921 1250 1985 5693 7379 1485 5235 3313 6252 334 8775 4943 9673 3409 3068 4572 5444 7170 4816 5319 3426 6717 2828 5774 2668 7492
29 3448 2830 1365 6168 9175 5020 5052 4377 8036 7703 1189 6707 2389 7150 9763 6743 3639 4493 3880 5061 4211 8881 4403 1878 44 4346 8743 4767 1154
29 6198 2156 2332 477 3582 309 2359 9272 5253 4577 6263 6651 8455 4749 2683 9252 1567 716 7628 2580 9271 7250 4449 7602 7730 5586 2789 1738 3818
29 6507 2198 8654 2482 2965 5868 682 4621 7316 358 2931 2474 2699 2354 6208 169 407 5755 355 549 2277 5328 5785 149 8845 6041 3970 2016 9784
29 9053 8246 5771 9755 6973 678 343 8532 3429 6740 2513 4687 5852 1544 5606 234 9409 7829 1743 3976 8212 1514 9623 4039 5864 9894 7861 6390 3952
29 7678 804 4754 8566 676 5705 7087 3854 6793 431 5222 5279 3174 7388 8675 7184 418 9596 8156 1400 9102 2621 8127 4150 6408 6052 1540 5930 4916
29 3153 7566 5492 4458 1505 1575 8711 1222 8000 2175 4489 4168 5828 1261 1507 1894 2889 9262 2118 807 201 9682 5019 3559 4459 7156 6776 3913 1921
29 3709 1752 3833 6250 4529 8439 3847 4394 9059 6675 3794 1799 9007 8345 1170 2185 4240 4118 6417 179 2733 5995 3627 5101 262 3760 5375 9995 4644
29 5014 7794 5756 2512 6910 5251 4302 8328 6436 8723 168 9979 4100 6143 9800 3896 9323 2663 7428 4670 3809 3307 5792 4850 4337 3734 6442 2809 2518
29 820 2996 4390 6463 2430 1659 1639 2748 8235 9885 1694 8008 5347 1483 1458 3853 4970 1763 7225 19 4225 7182 1497 6 7121 172 6435 1946 8636
29 5371 1599 5941 7929 2048 9907 7361 9571 7748 5277 5366 3146 1034 7740 1494 6439 8764 1 646 6555 7446 1041 4426 8770 5936 9041 8978 845 7417
29 9151 9446 8125 7638 8699 6912 1674 9622 8793 9733 6185 6590 4667 4583 4371 5956 5627 6962 8921 6604 1357 9402 7658 1686 3015 7090 2807 7270 2980
29 1408 482 9913 4937 7109 1515 4183 9439 793 5502 9690 1329 5395 6701 4551 3211 9276 1013 8827 4649 5745 160 8922 5091 2214 3779 1255 7399 2894
29 9738 2766 3878 8503 8261 5860 8178 5218 9324 8974 8652 4019 1320 3464 3054 3525 6924 5573 6939 9237 6468 7092 699 3841 8197 4437 8070 3285 7577
29 4078 4980 7448 1205 9817 7723 7870 9485 8377 3785 7942 9857 5281 6192 1885 8355 5643 9553 9929 2192 7571 8357 6281 3081 566 5593 6883 6663 8799
29 5876 5801 2874 9699 3953 5416 1055 3486 8848 2689 6800 7811 1085 6601 2617 4139 4750 887 4498 8496 1234 8748 8789 6631 3909 9320 2371 9724 8694
29 1826 1415 8927 2 7985 375 9540 185 4874 4263 8224 3055 2276 3449 4226 8362 8242 5614 1625 967 7786 9479 351 2896 3930 5215 6821 1653 4171
29 7418 7229 9820 1983 4607 1795 147 4969 8389 1427 59 4882 4696 1870 947 6837 4125 3113 100 7241 6131 7145 4176 3438 2533 5747 5712 7978 6051
29 327 3198 7397 3149 4455 9937 1138 9235 5911 230 9921 2040 8659 909 9256 3344 2714 1346 5043 347 2958 6116 8905 857 4571 8244 3030 518 1635
29 6056 8502 7569 6003 432 3716 6816 6057 6562 3683 5238 6672 6378 1056 6006 9421 1977 1654 923 6788 7535 5141 8853 4255 8533 6012 1607 341 4331
29 9058 8184 9584 479 6275 4165 2295 6902 9619 4055 8258 9089 5352 4511 4199 2225 3047 4557 2988 847 7627 7827 3977 1877 2844 2105 2031 1665 2436
29 3766 7855 9460 7458 1024 3283 6727 5742 3905 4110 9420 6183 564 4601 3983 3437 6170 6628 6083 7956 2073 4024 9602 809 6833 3607 6271 8167 3810
29 9351 3240 2241 1139 3844 215 6731 4566 8349 4432 4684 1168 7838 4919 2560 6365 4700 7273 3162 9897 6095 7469 1447 6569 2422 6637 5317 3857 7207
29 8544 7006 5889 4802 1152 1715 6049 6522 7163 9308 8055 1754 1405 5306 4448 5943 9507 1195 4787 6140 8340 6825 821 6782 1800 4532 5372 9109 5517
29 42 8607 4568 1036 9129 2768 8257 1245 926 5700 8330 7195 5689 412 1146 4148 2708 9046 7003 3550 7255 8136 5558 9523 1626 3355 4643 4685 5738
29 2150 2381 4757 6655 5612 8549 9229 1998 3192 8211 4062 7863 4612 6174 5220 6462 2593 2975 6058 3916 9341 1381 9945 5665 6745 5285 8574 362 8385
29 78 7205 281 9930 7650 1016 35 2774 3465 7745 3336 8562 9466 1147 3942 5270 8599 9624 6759 1043 7749 3358 9608 2065 6222 3274 5374 9296 2149
29 6950 3756 3681 9522 2860 5313 8957 5157 1802 4900 4833 6862 8721 4423 8650 7853 8996 9717 1656 8403 2366 6109 2160 2177 5386 4619 8744 265 4659
29 4141 7642 552 3385 2135 5066 5166 7751 4880 974 878 7108 8536 6024 5075 361 775 5493 3261 7634 2035 2471 3712 6040 7604 5787 2895 9873 2388
29 2849 862 9336 144 1422 3122 3091 6752 4145 1132 9835 8284 3839 8371 6772 4230 1886 1156 7141 4405 3935 7017 614 3352 4196 31 9358 9782 6787
29 3123 6982 9695 8118 4926 9980 971 1151 420 4031 2068 9412 8448 4382 7702 2741 9630 3193 5733 3466 1284 7451 8633 7306 9759 12 4257 2804 6632
29 6975 3832 9200 5377 7151 2137 1093 662 5084 2947 1683 9983 7370 3730 5972 6048 2821 4645 500 9801 7814 5172 5316 6317 517 3906 1323 7153 6172
29 654 4634 8678 8586 1325 7667 5706 7896 2680 7671 7473 6648 9249 8639 9959 5695 7750 1611 6695 438 4939 8229 3577 2197 6916 9030 9580 6952 2254
29 6440 3042 8934 9891 1049 5102 5796 7915 9186 4388 594 2986 7941 430 1135 5095 5531 5884 7635 5179 3597 3689 4296 4741 7281 3457 120 9410 7796
29 9822 8896 5324 7219 8540 9625 2258 9406 4589 2919 7484 7068 7877 6941 9902 8095 3576 4596 5841 1084 9234 5715 3699 4510 5795 5548 5432 8180 6202
29 4974 5325 457 4870 9120 3347 7719 134 3882 3865 4204 1889 5834 5367 2666 5356 5642 6877 4056 7710 1696 1843 9193 983 1947 8165 8640 2956 973
29 8103 3827 4122 40 7867 7249 132 1784 2289 7580 9375 3058 907 3893 1771 4258 1511 4704 3007 3732 3969 7140 9167 6887 7923 796 9573 6587 5211
29 9925 4260 5195 1860 1597 6876 2057 7866 383 1304 4898 6191 1935 6137 8601 7053 2130 2447 7510 8525 6019 6290 4036 3752 8247 6358 3719 6865 9138
29 7674 2091 182 5675 4400 304 792 3871 6547 6515 7036 8191 3314 3812 2800 6220 7836 6050 8271 8161 9639 9744 4485 2115 8708 2385 7371 4037 4576
29 4523 5147 7015 598 5910 7144 899 4116 4758 5900 7614 4383 6085 5782 2981 8223 8999 5631 7027 1101 5283 3200 7498 948 4666 7968 6496 655 3708
29 4115 5673 9104 6258 3295 4718 1300 4487 5748 4306 3608 1723 4906 9792 5504 3137 4656 3602 5980 1850 5623 2356 4409 2360 7616 8895 9444 6061 5921
29 7318 9764 1768 2459 7442 8697 5912 93 5105 9737 5781 3298 9628 8446 5152 66 6078 303 8259 3394 2081 5339 6355 2294 5391 6667 2380 8715 9478
29 3387 625 1330 3618 3331 9629 393 6359 1836 4527 4822 7400 2520 9464 8901 2324 8534 6315 6792 4301 1476 8209 8763 9342 8994 9023 9971 8265 722
29 2417 7337 2442 9459 5263 4933 6710 2745 1253 2132 391 8159 7007 2724 5581 5519 6977 3085 8984 97 5626 8382 2374 5158 8343 7223 7764 4605 694
29 1134 688 9942 3679 1053 8884 8417 1440 1882 4641 3330 6224 3134 7118 8761 1535 1272 5688 759 1116 5620 4849 3947 2383 3649 5032 5970 7718 9418
29 9581 9360 2554 3903 5207 2236 7327 9395 9240 3784 8215 3407 1920 6182 8140 9666 6714 9551 524 1379 3787 5250 2784 6335 4877 9244 2059 5851 4188
29 6781 3288 9635 7636 1197 4286 473 5424 3037 925 5597 7423 4658 7860 838 5299 7898 5154 9626 6571 5858 1699 9514 5017 2478 2572 6371 2936 7234
29 3183 94 5973 9732 1608 4175 2346 4358 9044 597 718 384 5766 4546 6873 6998 2798 354 8367 2490 6372 3593 2729 7052 2498 9045 7852 9860 5193
29 3592 1030 9591 7335 1059 6123 5201 8897 9781 7835 3742 9654 1695 8509 965 7069 7514 6724 5655 4987 7971 3053 5085 8112 2264 9064 2400 5007 6614
29 7584 4671 7031 4327 4560 3266 2468 2771 4117 3254 6531 7531 4147 6735 2546 6611 8276 2181 6853 1970 1569 6477 9569 7583 6709 2501 8353 2267 6906
29 5777 9692 3258 8120 4249 4005 8924 5784 8154 5568 1256 4101 6948 8185 3220 1598 6861 8847 9266 3445 7945 8102 7501 1108 5527 2088 8270 8307 582
29 6599 5383 8434 9304 906 919 8381 250 8005 5293 2373 6354 5428 1091 5072 982 6204 3884 4924 8208 945 1859 5217 5009 2211 3311 8585 6898 4347
29 1641 9445 1285 3560 2141 1264 4730 4472 4341 3320 5547 7939 6213 2811 8329 2527 514 398 6120 3666 2816 3864 8388 4993 2938 5430 3468 5284 3399
29 1048 7179 4994 8625 6445 605 9494 8572 9954 8289 1837 1045 9906 6114 2704 5775 4129 7353 6958 342 6934 6158 1183 754 4381 3601 8037 8631 2507
29 9189 7186 1956 2715 780 8250 6622 9898 3544 6567 8917 686 6367 2235 4128 2060 9297 1645 9726 9944 9663 3691 5155 3948 8736 9613 1727 2952 6014
29 8172 816 1040 5669 7295 5945 9504 3619 4545 8588 332 7334 8337 9414 1963 1416 379 5464 3852 1733 4203 1162 1086 7972 4138 4580 6404 9431 2338
29 2223 1573 5209 350 1124 2701 8634 3103 9990 2989 8358 9704 9179 6829 2204 6453 4623 4103 7433 2827 1343 4968 2284 8685 6784 6008 8290 3870 2084
29 3353 9246 2330 429 7543 9761 2018 4356 1064 290 4140 9862 2720 1929 8109 9430 999 4738 7133 3337 1008 7862 9101 1930 8803 3451 5736 126 7456
29 6423 7047 4170 2012 9836 9719 4323 3625 1730 3532 21 7935 1244 9389 337 6540 633 5899 9017 6043 1090 1362 2856 4721 7521 4384 8784 3080 4964
29 1813 1568 330 1148 434 9708 5619 2334 1725 8238 4201 4720 1698 6471 3941 2872 9040 3231 7285 7095 2831 3561 6501 9022 4411 4695 3474 5204 1289
29 6096 7382 5334 1590 6102 8418 4307 3040 6186 2538 7336 4021 9372 9160 5800 318 7626 9653 9922 9807 6034 4283 3994 374 4984 9828 2467 503 6207
29 5588 3210 5934 5127 4710 158 5368 3281 22 4500 8668 5309 7429 6878 3441 7757 3650 613 2625 9512 3189 8342 8772 7074 251 4981 6633 5991 969
29 1179 2698 5984 7552 2253 1217 6500 5010 4385 1883 5601 1825 5497 8020 305 1457 1047 7585 3222 8703 5788 366 11 6141 8146 4762 6722 9643 3116
29 3423 1942 6461 7698 7986 4628 3949 2908 5878 3212 1643 8815 9300 7532 1145 4373 9560 1224 8563 5602 151 8998 8622 7717 3938 65 5698 9404 3082
29 2038 7781 6265 7894 1558 6767 3667 5303 9415 465 3364 4127 3435 9736 57 5652 8972 324 8291 1075 401 317 2566 7601 8110 7741 1672 4419 6090
29 602 9038 8710 5247 9095 3275 2429 939 4190 5704 9976 7771 9222 7712 6741 1783 7737 3293 4475 7398 9926 7657 5381 5629 7705 7804 5216 6279 7326
29 6808 2847 2152 6871 2578 5949 6566 5759 3341 6630 9067 7824 4428 2984 831 2015 8087 6725 3737 5099 7669 1274 9364 1337 8241 8880 1678 2134 5255
29 3039 1492 6200 7922 9612 9096 489 8620 5862 5523 5793 6927 2495 6721 7557 9232 2312 5252 1955 4806 3843 7263 8104 9221 4615 8682 9094 8932 4901
29 175 90 2890 2858 291 238 5682 3651 8812 4785 7409 353 567 3251 6591 95 3837 6400 7943 763 6608 6903 2905 7595 5985 8750 9388 5227 3767
29 5959 3720 7115 5997 1421 7436 930 6309 9084 7661 1986 8222 1371 7884 6228 7615 7546 5810 9345 9614 9519 6370 8716 8363 4936 378 8062 8470 6588
29 7320 1359 5475 6155 1080 8766 2710 1904 3780 3069 9035 2122 3147 8384 2882 214 8497 8480 599 9516 7819 423 6241 2376 2862 8830 2985 1212 7010
29 7995 7175 8399 3099 5826 8072 4948 6446 5406 8483 6989 4988 5830 3317 2845 2287 3499 6649 2420 8869 5722 8521 7073 4705 6356 6988 578 6133 4131
29 2758 3171 1712 8717 4050 4587 1996 9795 4575 1971 7472 4290 5290 3778 7114 7556 4838 9981 8233 9532 7 2377 2987 5408 9112 8658 7174 3188 2103
29 3660 3452 8227 3781 2239 7180 3783 7393 9660 9153 1516 1002 7056 4180 3446 8908 4232 588 1624 4513 1984 3294 783 5521 7508 5526 7470 2296 1445
29 701 3209 1339 2599 8613 2394 6519 5850 8914 576 7257 8296 3356 7005 8489 4280 6802 8034 490 4846 1945 1019 876 4108 9934 4735 7997 9838 6148
29 4764 3782 3701 3005 3150 3411 8865 209 9338 7097 2078 9332 7990 4074 7130 5971 8370 1073 4842 6247 7599 242 316 7505 8637 8776 1327 8887 5107
29 3875 9688 7439 3324 5333 443 2391 5587 252 6084 1688 3392 8231 198 5716 4421 3567 5957 1684 5335 8064 5449 5776 1995 652 4224 4353 7655 9604
29 1572 1831 8903 3987 9384 9322 1203 9183 9457 5100 4856 2808 5441 6908 3801 1439 7673 302 1903 9644 6297 9649 6858 4681 1981 4274 5621 6806 3232
29 5266 3104 3972 5881 9621 7430 6779 760 9851 619 7761 1402 9309 7612 2615 9196 9513 7808 8304 9005 4216 723 1297 2405 1305 3197 953 9607 3595
29 3190 1595 554 5129 9382 2126 2840 2531 530 2071 7816 301 8855 3010 3889 96 6146 9405 7208 6193 5165 6080 6583 6260 3859 3120 2814 7165 6091
29 389 5388 4765 4239 5244 2339 8727 3556 1098 5355 6357 822 6763 9694 8378 9424 3535 9776 1058 8098 1775 770 5873 5337 7807 990 2670 8683 7649
29 6261 6543 9361 3698 7742 7715 2439 6286 4194 2176 6856 4591 3834 5840 7146 2949 6384 7217 8107 6949 8600 8738 8965 5359 2311 5471 1638 4635 63
29 3440 5326 528 2228 9899 4408 2920 174 6944 8123 8894 1630 116 2675 4779 367 2216 6326 8444 7826 3933 1455 880 7523 20 8731 6320 9163 647
29 9601 5837 8971 2876 653 8663 8933 9943 8322 110 9842 5550 2262 7792 6414 6380 1050 8321 8016 1901 6605 5753 3257 1685 8695 5650 1027 1315 9346
29 9282 773 9202 8875 9397 6844 6826 3858 2983 1317 2735 9780 2416 5073 7491 9616 3927 3046 1565 8 2180 9331 5140 8802 79 4380 788 6732 519
29 8033 8669 6595 9933 9454 9462 4514 996 9853 4864 7037 1867 8956 7809 5230 2508 3418 1789 5463 5047 6514 3725 50 9886 5261 6303 5845 1690 1766
29 4119 2765 8170 874 4622 3757 2154 5506 3724 5976 3379 9247 4379 4294 8338 4839 9734 884 3621 5288 6458 8359 4362 2250 717 7731 4940 8964 9577
29 8725 8394 3630 3044 2767 7957 5683 80 4017 9178 8391 7009 1934 7242 1856 369 8614 7813 7357 348 8570 9225 2824 7342 4688 4895 9731 5562 9895
29 1434 2517 1842 7384 60 1257 5022 9753 7405 1307 5578 9993 4835 7025 914 9876 183 4836 8113 3751 9319 9210 8852 1716 5275 617 4422 4771 6491
29 934 5130 8492 9352 3907 4636 1131 2232 3100 1020 991 3273 6882 9845 4598 4883 193 5399 2022 9432 6641 885 9657 1374 7770 1486 3008 8816 6575
29 2234 7606 656 7060 3620 785 8006 3170 2064 2061 8131 7267 4547 3321 9060 4488 1613 3253 9867 1164 6165 622 9063 6499 2203 3583 371 1954 4329
29 306 3179 3772 1862 9123 4001 2298 117 689 7455 2097 1908 865 6298 3175 9668 3799 595 2723 3485 9357 9472 2553 5515 730 9423 6094 5681 2451
29 8450 5535 910 3914 4386 5797 6411 2450 5887 3388 5904 872 8665 7682 1504 1054 2290 7292 5986 279 8809 8508 5180 1375 6920 677 8771 6546 6479
29 3249 6488 256 8778 4186 4181 6551 8577 4799 9270 886 2120 3456 6684 7276 8732 2484 5389 1190 657 867 8719 1311 5819 3354 4841 2925 6942 8311
29 9141 8121 8977 5153 3367 9777 1854 4387 4193 1083 8499 300 510 2404 3894 3657 4800 5422 3031 7366 2628 6852 7252 9978 2627 4600 9161 7315 6422
29 746 8383 8166 2169 6563 6520 3114 8873 7111 135 9760 8505 6115 8094 8341 1114 9209 226 7732 9521 6118 4537 6899 1538 3014 8195 5257 3808 960
29 7782 6557 2069 8052 9190 5726 9467 2337 1767 5012 569 2325 2408 6129 4157 9283 2245 3184 8537 1729 3564 3739 3483 2427 4271 7856 7123 5470 592
29 9145 9157 8143 7969 1554 7980 9909 9892 9808 6872 203 1460 1303 7288 6156 9681 1828 5331 4911 46 1432 6089 7967 7618 8002 390 7926 3444 2423
29 2600 4501 1807 1976 5456 8575 2375 6817 1354 6795 4124 5963 1044 4713 9796 8688 6306 6494 3248 3600 4154 1155 1328 4593 5196 3057 3279 5240 9600
29 4967 7297 4088 5632 3 4355 4858 6205 4348 4736 2028 54 2685 7321 7692 4676 5590 985 7350 9965 2932 2934 3154 6797 77 3668 2349 6179 4361
29 1965 436 1805 1051 8053 4192 704 6369 425 7024 7243 3553 115 4343 9177 3897 9387 2070 3822 7325 9493 3726 1731 6293 5536 4947 8402 1367 1199
29 2851 4349 7402 4650 8234 706 1412 975 4004 7330 8067 4028 4376 7509 1662 7172 2224 2087 4763 829 6107 4755 1318 4366 6818 4913 2481 7747 5885
29 3883 474 3899 3919 6790 9590 236 7227 3770 8040 7536 2153 3284 6915 1552 6134 7622 4321 1471 5923 1157 4810 5765 5538 7463 8893 2075 6055 6627
29 9111 280 8415 6493 6237 5360 1547 6295 4444 8603 7950 3515 8604 6063 7099 6545 7630 8155 3244 2898 6071 9369 898 3848 2866 575 4516 8479 7414
29 2805 1539 5555 1410 229 2166 8746 4550 8441 7765 8617 6997 1948 2743 7035 1819 3740 6760 1806 246 1722 5735 2865 88 3988 6311 7934 3529 7264
29 526 9740 8870 3598 2930 3610 6658 674 4025 5763 1226 9502 8591 877 9923 8990 7155 6124 1286 913 4198 708 9433 6769 6490 5256 5591 2528 4087
29 6042 2607 2000 4909 3954 6657 8176 150 5401 5403 7305 8294 6581 9118 557 7681 1918 1781 5799 4899 1384 29 5305 6248 7788 5678 4512 4875 3227
29 2822 4494 8740 5112 5598 1923 5351 6652 720 3176 7503 7188 403 1744 639 4477 2432 5651 1246 3428 668 9449 5184 6076 547 7726 5789 6843 7527
29 1959 4662 3656 2399 8193 7721 2301 9078 8840 9883 6225 7928 9216 6337 1094 4902 9066 17 424 2449 1078 9259 1031 8542 8846 3092 1184 4594 2107
28 5046 1925 9756 6117 8530 3851 1689 4089 6473 1242 2629 7355 92 1467 2424 6438 9169 4648 6967 9171 4007 8474 7139 5660 7396 3207 2850 3570
28 9670 8961 3460 8003 6410 9258 8320 6994 8641 6276 6609 6460 5411 2682 512 9325 4496 762 7961 2696 2455 757 4267 37 6828 6673 9152 4097
28 13 2713 9568 9042 9076 5144 8410 8488 4044 6097 5906 997 8605 603 9996 2278 9893 1033 705 6270 8664 7594 2597 1454 6002 9774 282 5473
28 691 3076 8026 6092 2353 504 2642 8673 1777 3648 2260 545 2316 3974 3063 3672 3814 3596 244 5697 2880 3087 349 442 581 2737 7424 2565
28 2734 4922 5197 16 1429 2775 1750 2536 5312 3340 6138 9664 2066 3199 4633 1382 6376 4191 2164 7098 5203 4173 7987 4222 9208 9080 1473 5988
28 8551 6897 9441 3476 9273 171 3225 2410 4630 5045 2725 9964 9651 6272 7953 7013 2697 9998 7684 1230 4626 2190 6560 5702 5110 4561 2099 9827
28 835 3632 5528 7244 1465 4739 8754 3513 2477 4559 3228 3817 2852 777 7363 2581 4693 5003 9779 1394 9843 2438 8169 8955 3547 1967 8589 4111
28 2368 3704 2954 7982 7579 5654 5348 6361 9267 5028 6210 1206 1933 3065 8135 4109 6953 6946 4372 3012 6067 206 312 8788 2731 1385 936 3555
28 6130 9213 68 7864 9967 4677 8970 6393 2917 8477 1349 636 609 7104 5947 6362 618 5628 3433 4159 1463 3538 7490 9291 1404 852 5489 5410
28 6340 8545 5213 7724 9751 2873 590 0 3711 734 3791 2647 5913 7663 6338 6841 9683 2299 6827 8795 329 3526 9950 3045 5813 396 8187 8898
28 152 7639 7695 667 7367 4817 7910 7840 7660 2511 3110 9703 4430 1847 9024 7779 2727 6387 8199 1649 6700 4075 186 5764 1396 6074 3366 1791
28 9155 8730 4773 130 1600 768 1198 7296 6559 3487 4857 7645 7340 680 1667 8283 3869 2806 5931 3566 8729 1782 7197 9074 8935 9113 7965 7555
28 9049 159 5069 7191 2535 6242 8798 2136 2142 7401 9970 7213 5332 2944 6483 6451 8401 8900 1480 1180 3093 6342 6239 2638 1266 7214 1875 4063
28 962 6770 7871 3201 1737 1293 2609 9936 2525 6329 8628 2948 1128 3502 1461 758 6180 1240 370 7550 2222 1107 3498 4959 6415 6798 8298 8096
28 3425 4949 2365 3694 1178 4393 5857 8478 2403 4158 1419 8189 3488 4986 3271 5758 4149 5419 2131 4429 3617 9550 9450 7868 9285 9586 9866 7908
28 5062 9718 3937 6509 7575 3292 8375 6409 5496 9126 8760 4375 3795 8963 5426 2125 8867 9426 6964 3077 2605 7818 2392 692 7192 8305 3062 2007
28 8097 4805 4807 9632 5968 8966 6221 3203 5301 1118 9771 5169 2878 4603 559 3102 2692 4541 7447 6064 1324 3591 8739 8174 7411 624 9829 5561
28 3155 8472 4507 4896 7116 9721 6007 6389 841 7374 8318 9728 2998 6508 7058 7763 8667 2792 8973 3788 5321 3673 372 8606 7544 166 3218 7996
28 8980 1130 416 8745 1776 5783 941 3587 9491 6708 3546 6582 9370 3807 2342 8713 5541 7181 6195 4972 4220 1208 4012 2328 8712 1015 6332 6656
28 1587 8183 9075 1822 7528 5051 2622 5177 7931 8912 7727 5404 5905 2576 7882 4335 2292 4865 6527 742 9834 6733 459 3351 9805 2848 5002 8351
28 6424 3181 49 3322 5151 8937 9955 1258 7142 3481 360 6552 8035 8038 8762 4072 3971 8587 9530 272 8181 9603 2025 5342 3940 6068 7004 6135
28 1386 2351 5903 2472 2186 7773 9121 311 5159 8493 8147 5480 7237 6176 5067 6166 4438 507 7495 7506 8059 6066 6909 485 8018 2904 9018 4418
28 1753 2086 5653 1100 8063 1681 675 8264 4938 8025 4064 2656 3635 3390 6418 4080 8139 8023 4742 260 7497 9610 2079 9953 8117 8416 1697 3554
28 2603 9248 8952 3659 8204 7621 6634 3439 3018 8206 5413 2502 4179 406 2671 9823 5539 180 7093 8856 6880 5814 5981 9557 3196 7951 6524 9882
28 4322 1125 3579 5115 3442 9963 3033 3830 6750 1676 1104 933 3121 9279 9552 1713 645 4085 6863 4770 725 2317 4265 714 2709 5849 1739 1397
28 5057 7539 1531 6032 3696 2912 8834 2238 3185 2722 7091 8976 5890 1406 5727 7126 5487 4010 5708 9566 6913 2575 2545 9924 9788 5734 7839 6625
28 4071 3025 6640 3951 3707 9241 9356 8022 739 2552 4782 1292 6178 1352 5767 254 2043 6712 5927 6132 727 1982 607 3141 5882 3979 5513 2587
28 8315 8339 5206 8890 7416 1430 1521 2313 8541 9442 9720 1182 4295 5993 4776 4340 4033 5692 7832 5194 155 142 942 8535 1119 103 1211 1235
28 1769 9443 446 8464 6351 9549 8012 9762 200 9317 7209 8857 228 5664 7233 7385 1673 4453 326 1940 4709 542 5341 5677 1958 5491 1136 3021
28 558 7511 5966 69 2906 8046 4313 4273 1603 8593 5350 2826 1126 4218 895 274 5037 5098 9701 3967 410 9399 2437 2964 2718 8916 4268 2623
28 2182 6319 5136 1520 3405 6125 703 7489 4003 400 7522 39 6025 143 7586 5268 9140 5989 4451 5111 7420 9722 6579 3219 8100 5729 6626 1773
28 2922 1312 7251 4217 421 9874 9803 4395 685 7304 8573 2178 5611 1761 153 5646 5394 6288 4133 5362 7057 3861 2336 197 1474 8596 6960 511
28 4114 9498 8850 7449 4476 4082 5188 8718 6300 2183 4665 1023 3124 9501 4637 4424 5880 9070 608 8086 1755 146 1500 1714 7970 8060 4354 5836
28 7851 8364 1556 3855 4715 9097 8756 1368 7869 4363 3743 1709 6018 6060 2010 4845 2110 2174 2602 454 4245 4971 8632 8777 3936 4872 5050 2157
28 5455 1512 3051 7253 9268 1969 7239 5875 6553 8150 995 6999 4410 1642 8254 8610 830 7823 7168 176 3115 9013 5589 2063 5459 5918 1150 6647
28 5604 4397 6765 2469 2343 6255 4221 7880 9149 1792 1435 9952 4992 1661 2970 611 3574 9671 7964 7959 136 5824 8160 8747 486 8953 7903 447
28 6669 8468 4951 659 5400 3733 6105 7768 7916 9274 1092 642 9228 1829 8148 1122 101 4035 8054 5087 7548 1202 9819 5996 4228 4954 9645 7471
28 2921 596 3575 2940 2323 1283 7375 8920 6163 9203 4130 644 7404 9844 4851 4112 2695 247 9144 9230 1478 8411 7101 7524 7518 2907 7921 9192
28 8099 2550 7475 1772 9033 4104 8569 9380 8687 2009 4243 2116 7459 339 3026 5978 4843 1973 9896 3761 8091 9379 823 3687 7542 3653 4832 2719
28 4904 3235 6754 1835 9754 1604 1487 7675 8876 2955 715 7525 9739 3759 5006 4756 8960 3790 4595 5641 921 4427 8179 4105 2537 574 1928 6480
28 2635 994 2813 8949 6177 289 4703 4478 1549 6847 4431 5701 4825 1621 9299 2283 5040 3325 4653 3029 433 4620 8838 6838 509 1022 4586 9354
28 7828 4447 1746 5553 4200 3755 9961 2331 87 6824 2867 8967 832 6406 3747 5827 5187 1450 3718 1757 3793 1687 8308 1790 616 1288 8774 2406
28 138 3496 8073 7516 3291 3118 8201 9975 3777 4396 5592 8907 71 4090 1142 4146 4051 8313 7314 8822 8030 9605 8647 9032 7746 9927 9786 98
28 6603 5336 7380 4279 5999 6322 3804 5396 7202 871 4460 584 3798 8007 2464 5565 8707 1640 2402 8692 6401 1529 6593 8203 6059 1010 7772 9768
28 9832 6668 5564 8624 4123 3186 7691 2744 6550 51 4032 3955 2033 805 9935 815 1537 7231 6734 672 4073 5025 3447 5560 5725 8792 6189 7886
28 2993 4796 7496 4006 7232 6868 8050 7278 2562 5133 7407 5124 2606 8142 3477 1221 5958 7143 9597 5630 6662 4242 9948 4608 2819 9164 2969 4014
28 295 3492 5886 2971 8936 6822 9989 7369 3715 1248 5509 8413 2080 3806 8560 3458 2564 7570 8947 495 6122 8163 3586 9766 5549 8582 6157 5044
28 660 5097 1704 1275 4976 9027 606 9648 902 6015 3280 2643 8666 6291 1358 6968 7912 2910 2271 9088 2486 1153 6702 6907 9900 4197 6947 3071
28 2452 2864 227 4957 6073 7728 1592 9107 7755 2320 2030 6976 781 8015 9091 6629 4106 6249 8230 5754 4932 2579 1669 818 1509 8484 2532 6173
28 9215 8128 2649 6363 9627 6016 4486 9939 1759 1259 1526 1589 2842 1223 3461 7307 2740 1950 8198 2871 4022 6467 9004 6431 7386 9422 8092 2582
28 6392 1846 6888 1614 5585 9489 4795 4809 9327 4542 5311 6773 7949 8066 6670 5409 2972 9487 9730 7403 707 6592 4336 3112 6506 587 7850 2783
28 6812 8207 4238 5516 3050 8108 7412 3420 1810 3989 70 8755 7072 4045 1451 3470 5199 7210 9611 1273 8405 5710 5624 2491 7164 9474 1991 6088
28 9988 9662 8017 1809 5148 6481 2782 9533 7693 7664 6820 1444 4092 6484 1530 5737 7221 325 6054 853 1605 2476 7461 3998 8081 1446 2556 4364
28 7643 626 8134 5387 779 5542 3917 6212 7483 6344 6033 5083 3686 7623 6502 1496 2364 6965 1619 7067 1987 3070 8302 3098 7413 9765 1533 2661
28 3256 4474 1113 6474 9150 4983 8564 6215 2179 2457 83 6238 1489 8842 585 2326 9999 2886 2344 6381 1949 8065 5709 6086 6327 2345 8151 277
28 5919 9887 7173 9408 627 7679 6299 8463 6162 6606 9917 7983 5869 1188 7859 3677 3895 9647 483 9396 6923 3990 4155 1347 9517 2716 4556 1185
28 7822 1191 6857 2305 3139 6753 1542 4692 1028 1039 2763 5699 3360 8334 6433 8129 1169 4752 2941 3475 6081 3221 5300 6534 1227 2911 950 6537
28 4172 8504 4944 3350 663 8266 466 4950 1895 6472 9910 5292 2465 7290 5346 3616 6518 536 8300 9009 579 6679 6541 3510 4973 7553 2594 202
28 7937 27 1021 4535 3764 2992 9407 4734 6535 2595 7284 7282 237 2500 210 8860 6807 8116 3539 8825 4234 284 3542 8555 6136 2544 9650 977
28 2446 3169 5077 3064 5181 6966 91 7541 8642 7462 9545 9092 3819 9824 1719 8031 5447 6045 4187 1335 7444 1827 9335 1951 1762 5926 5021 1099
28 9435 2090 9743 2003 6283 4867 216 9583 9451 363 9500 8832 8989 1046 2220 9122 2445 5236 9641 5164 1438 9468 5380 4320 1543 2881 8619 1778
28 4960 9727 9747 5751 1890 397 6703 1932 266 7670 532 1988 7312 4098 6450 7124 7081 1581 5572 7780 1077 8428 752 640 9642 3652 6542 7187
28 1577 2297 1067 6889 1267 6280 7061 4642 5168 6256 9281 2255 6368 9 3723 9598 7676 2227 7127 9199 6126 137 6602 8527 2093 1601 9968 8805
28 6885 9136 6959 8733 9520 1588 6616 2574 356 2280 9173 6454 5198 1879 7831 6644 7206 2492 9676 8662 6031 1018 7799 7644 2505 1615 4502 6017
28 7609 3482 4503 2384 2815 9678 9055 435 2233 5879 8213 3631 5974 3269 1726 3370 4492 5816 9511 7646 6831 7562 5234 4369 6921 3148 3305 8753
28 1711 9589 6151 3867 3177 1787 7299 6747 2207 4929 8369 8437 9655 9010 4368 6075 4525 8804 9920 9711 5414 9305 10 3369 7280 7089 7362 4871
28 6638 4066 5721 2244 6516 1441 3479 9133 2961 1693 4178 7766 5417 782 8124 6282 5239 6110 1291 8457 797 9146 8433 6077 9143 4680 9100 7947
28 1817 8440 6294 8885 1390 7865 6341 107 4079 7651 6171 6954 9618 4602 2939 8190 8028 5393 3776 4778 1513 5518 9301 1580 7100 2008 561 711
28 7080 3505 8027 6756 2051 2801 4722 5457 9994 6268 972 4515 5259 673 245 9050 52 2113 5750 864 8361 4729 9813 8823 1393 3168 4714 4712
28 3236 9031 3471 2736 4195 949 7065 4134 2937 4520 3277 8813 4402 3393 3152 2193 6302 1780 631 5267 2347 8408 3374 7683 1765 1071 4962 6121
28 9714 6980 5865 9224 5005 15 2838 2021 7993 7812 2590 3490 2900 2657 475 8373 9525 6039 7262 2742 3966 3572 195 4884 7791 2959 2431 7775
28 3060 9538 1491 1675 3702 6485 4069 9880 5969 1671 9526 2412 5162 8925 6398 4113 8210 5212 772 776 9938 1501 18 6022 1333 9687 8548 5392
28 445 4303 336 5895 2841 4314 8913 2738 7046 1089 5175 2857 5847 2632 8630 9570 6403 5640 5468 2127 6070 8079 6661 3727 8782 1464 824 212
28 7633 1038 4751 7744 9515 4053 2868 3299 2846 1301 2547 9051 394 5761 2348 9312 4570 2899 2726 8767 9333 5872 7897 3493 5805 2067 1559 4690
28 2139 2202 7694 3682 4910 3238 2918 3520 9554 4638 3797 8347 55 8814 5191 3287 5484 4847 3263 8312 6645 8888 3224 3800 9705 9904 4866 2217
28 7148 275 9492 2769 3992 1913 43 2687 2039 7876 4504 2913 8435 7043 3096 7515 9427 6689 4604 9269 8785 1570 7512 455 415 3421 6737 7260
28 7324 811 1186 5696 2747 1236 3300 1433 8680 4095 7131 9821 8538 3585 2369 9757 7236 440 2112 2515 9541 8531 1857 894 2510 7261 6269 3436
28 3145 5467 2855 9039 6815 6292 2673 1299 980 1545 4941 4582 6612 9455 1636 6226 9674 1584 7333 6333 959 7665 7480 1786 9679 491 696 9802
28 6197 5557 810 1700 9484 2221 5435 9461 8458 6860 1622 1069 3241 6457 6696 3978 2111 7425 9749 6285 7565 1953 5225 8672 7152 321 5178 9481
28 2672 5944 4660 8130 1758 6794 2096 1735 194 6690 8677 7873 916 5427 9707 5746 8773 3327 2460 6525 3658 3626 2612 3111 7617 2041 836 537
28 3516 7704 7611 9019 9640 2101 6427 8001 1839 9818 5036 2887 5200 7973 533 8295 2341 5272 2592 5676 3924 8635 6981 737 5711 9991 3202 4625
28 8849 286 7014 9219 404 5307 6676 8423 9949 5407 5192 258 2092 3568 2540 4934 6079 8041 4618 3217 6144 8951 1443 3729 7991 6184 8583 9556
28 4804 5939 5476 8841 8471 7286 3019 4251 8469 6037 6918 8552 5579 1418 7493 958 6396 1231 8671 4330 5743 1658 9508 9124 6533 3289 8945 1990
28 207 3247 7011 5461 9772 4639 8958 3558 2281 6412 3925 9871 9158 1721 8348 6539 56 2229 4861 7051 9265 2875 9905 4490 621 9987 4897 2494
28 1141 2496 8080 4717 82 2218 456 1302 6328 6233 5951 2935 9311 863 8796 981 9419 9534 4399 4464 4029 293 3995 4287 516 2616 2829 5644
28 8854 1035 450 7481 5520 6766 5125 499 3654 1692 5440 359 2017 6945 8871 802 6768 5340 4086 6987 3509 5437 5120 889 6660 3308 870 2155
28 993 9288 9951 6234 8820 9773 8093 2409 437 7955 1899 3982 239 5808 5718 1488 2419 2660 6775 6346 6834 8157 6273 2812 8979 8272 1313 3876
28 5465 23 7183 9559 879 5318 851 6274 261 3908 753 6145 5118 4161 5732 9292 4740 4070 3569 3738 4675 5922 3688 856 6867 2189 4540 3006
28 5634 9826 6992 170 9816 8421 5167 2674 5757 2646 5304 310 1262 9185 3108 5378 6884 4706 7632 1296 1200 2363 1005 4631 2567 5092 5029 7907
28 4616 4246 5908 850 5226 795 4673 6419 3802 9260 3863 6814 2314 1314 8787 3067 6617 2488 8056 6558 9775 6840 8929 9069 7106 6028 1345 5273
28 2440 1425 3027 9128 4126 2024 1414 7960 4889 4652 4728 3434 7989 861 1453 733 5248 3125 1591 3000 129 5221 7019 4664 749 8959 3633 9837
28 2636 839 498 5310 1210 515 319 5163 943 1980 452 76 5894 2413 1137 6698 2653 6343 8379 7372 1902 1989 5657 3527 9134 8225 7885 7899
28 6933 3775 1924 1756 2395 2677 3272 1194 4247 5490 8260 2946 6206 9448 2739 3662 7803 2333 2639 9386 5762 9176 7857 9082 1316 1655 3826 1596
28 9861 4236 8592 5349 5658 3267 5079 2794 8398 4272 4945 8144 1459 9367 7167 4815 3928 538 6900 6894 7434 8344 7486 5946 426 3226 8539 6730
28 8995 405 8969 2140 5940 791 3573 4524 4640 7709 7925 8350 4985 2973 7012 938 9469 2321 4359 1844 8806 4484 9198 3459 1939 3328 3956 7063
28 5260 8406 854 8547 5574 8651 1865 5376 2542 7135 7776 7076 1097 6044 1706 3250 4555 7189 8868 4711 5143 4462 9661 5294 8409 7900 3868 8696
28 7914 2795 915 1442 3323 73 3541 2433 1609 3508 4293 1585 8752 3700 2982 7212 6621 3824 9016 4663 6259 7169 8188 4008 2054 7246 7474 7774
28 9340 7487 6778 3932 6113 589 2129 1888 3500 323 2011 9677 8661 6253 4351 4727 955 285 2362 122 5961 8456 695 8032 6704 5054 5635 8114
28 9742 3665 8286 896 9428 6379 6643 9310 3158 893 4497 8734 8352 2645 7844 2475 7834 1336 6232 8705 1534 9486 3910 1254 6181 8024 3901 5674
28 8407 5613 8565 2963 1380 5990 9665 7338 8274 4691 9368 4914 9250 9261 4276 6432 3890 1578 6839 6549 7904 7204 9903 2926 192 9748 9188 1993
28 601 8835 2524 460 5258 5 1593 8553 8528 6711 9815 6813 5024 4748 9326 9830 4509 4609 7783 7640 1251 4569 8706 4416 7810 2357 7322 4789
28 4077 6671 4808 4480 2752 4304 8494 1174 7680 5142 5412 4869 9833 3382 8621 4819 4610 241 9875 3395 7254 267 8243 3237 9148 7789 6217 3048
28 9872 8590 5740 7230 2013 5210 7605 3489 5570 8689 8089 1880 6719 2817 4120 4207 4059 9567 9758 3792 4528 9972 8323 9065 5569 501 4775 5320
28 1109 3628 6890 4824 6869 7176 1243 4745 5861 9254 5964 2382 2859 5450 3514 2187 5295 481 9473 3282 5264 8075 1900 7289 6932 6762 119 4821
28 666 7030 5917 8829 9790 9915 3001 7561 8004 7784 9812 5998 3246 8137 5786 8168 8029 4534 2045 3915 9275 5452 1633 8520 8068 7435 3957 7540
28 3877 9243 7329 2042 5182 220 164 9172 3156 472 8253 67 709 6026 7088 8051 6104 3432 4357 488 3624 3133 7619 9878 6360 9398 4791 7460
28 1938 3551 4481 3746 3009 738 2608 1944 4562 9634 161 2188 9280 729 751 388 335 4654 2259 3999 8069 2421 7977 3208 1937 5161 1106 1177
28 8090 4433 6819 3462 462 7974 6267 380 8042 4792 8153 5791 8722 9411 1409 9794 9295 2690 3638 3789 890 2669 1974 9034 7738 2902 6842 6596
28 3815 352 128 9286 2914 53 5323 3647 9289 4958 2522 5291 9434 2903 7725 1887 1088 2929 7373 9125 458 9859 5039 7453 2170 6397 6235 3504
28 333 8983 9131 8049 338 4252 1804 7356 6236 4241 1861 5249 9490 8255 7431 4434 904 6487 8331 8580 4308 7567 9348 7551 3710 8918 5481 2630
28 5370 4392 9470 4917 4697 6464 1344 800 848 3774 6705 2370 5063 2967 1171 86 5741 3885 72 104 4920 6101 932 4042 196 9003 9349 9969
28 2378 6683 6046 8438 3671 3836 5863 9350 4325 4997 9593 7059 5438 8864 1353 5479 4522 5672 4826 7507 7193 1232 5575 3842 4479 467 2493 3375
28 3117 1271 7529 968 7625 2279 4137 4452 6230 2654 3494 7377 1650 5330 4761 9197 1117 1623 4016 8380 1814 506 1841 9170 2094 6823 1522 496
28 4852 6062 3383 9592 8237 167 690 2950 1477 7450 7071 123 6386 7588 8422 3400 9659 8119 1563 8524 1355 7452 2883 4450 6447 4352 2781 1627
28 8546 7708 2005 9385 6556 8954 630 9362 5769 5687 9482 6674 5080 7077 1392 7778 8226 9528 3773 1510 7198 5992 4319 6324 9001 448 3769 9982
28 5354 3929 7421 4311 2085 1276 3205 9182 5802 9093 8245 4316 6646 5909 4669 7200 7437 7975 9085 5871 162 6455 6139 978 2275 24 2786 2791
28 3265 2583 89 9804 1220 3318 8111 8646 9425 7062 4990 741 3095 6996 4277 8175 6334 8866 5636 9026 4102 6801 4505 7647 3717 9463 7593 4747
28 2772 6154 8781 2252 9139 4567 2770 3182 1121 1082 9090 1389 9303 1103 7199 492 5081 1732 268 5891 7530 897 1811 2046 6169 2999 5365 1793
28 5955 534 1816 3278 8751 2519 7800 8911 5343 9889 4774 5770 4215 2428 1063 5546 3043 3419 8608 4668 7920 2074 7754 5615 9476 9916 4956 9204
28 9328 8568 7309 2396 4144 1740 4975 5639 9314 1269 1309 1915 2877 4578 6742 2757 5013 2307 9518 5625 7137 3823 8902 1237 8516 4518 4881 2504
28 8644 7720 34 3172 2168 408 5637 3934 1620 9548 3825 6693 2818 7696 6426 5982 7500 812 7479 4269 4041 8126 2796 1470 731 2306 8240 9558
28 1472 476 1751 8324 4716 2167 3090 4672 2601 2558 6893 5811 5108 4743 278 2034 1376 7410 6505 7825 364 520 632 2962 573 8891 5915 7534
28 4049 9447 271 4442 2966 5229 7538 3243 3234 8655 6914 5442 331 58 2837 9617 1225 1502 9901 4725 7269 3309 2340 6339 7858 4590 8132 4978
28 3562 8152 1779 6936 3623 6554 8239 4048 7468 5384 7032 911 2833 4617 6706 2256 6758 4404 9316 5929 9638 217 8940 9020 6013 9071 6564 8392
28 4473 6785 9236 3950 1855 8681 7349 3604 1897 6385 1724 5818 3622 4925 5202 9852 2485 5495 508 9142 3032 8014 8836 4927 3993 5280 3106 9343
28 3611 766 8851 5128 9974 9391 8609 4454 5090 3565 4281 4344 7846 3132 5477 6594 9103 8396 9337 6870 9062 3613 5286 9667 4995 9723 3381 1651
28 8724 8205 8400 9884 6677 3049 8790 484 4457 7743 1647 6434 6352 2165 1413 6119 5242 9709 4023 8397 3874 6517 2483 6011 253 2516 2456 1864
28 9284 846 5511 9606 5423 7607 33 5390 7078 7190 7328 3563 5874 5122 3786 8982 4470 4162 7573 3900 9114 298 5445 4407 6503 8228 6650 7348
28 3363 7216 9940 2526 7790 4309 1238 5296 1602 7415 199 1163 6728 8886 2549 7196 386 2839 976 4863 9245 9879 5719 2261 6929 5543 7537 7341
28 1785 7918 4996 8833 3680 6262 9394 106 8262 7268 5096 2897 8512 6749 1830 6786 8217 8269 1803 165 9684 2089 661 8515 5344 8501 6240 8194
28 6613 9850 7358 9785 8445 9165 7464 5556 565 4334 8862 6098 7247 2761 48 5505 211 744 6789 2458 469 4342 2978 3946 4702 2268 8768 1868
28 7833 1691 7689 1926 5117 8462 1009 2489 987 3835 546 4136 7701 3377 7924 7909 7932 2133 6528 7797 4536 7905 2109 5812 4820 4698 6498 7049
28 570 5008 2836 9966 8074 6985 7201 2158 4521 4647 2943 5694 428 7258 4213 2888 6353 3594 3245 6023 3497 9318 6751 4746 8660 4699 9841 9255
28 671 5241 544 7026 5829 8526 8791 2266 1797 313 2891 8892 1490 5015 6175 4614 8758 2173 7283 7504 7085 7389 8556 2885 638 4683 5897 2678
28 493 8447 6093 9052 6000 5610 9238 2797 9798 2243 2062 798 4132 2534 9547 7888 2231 5186 6736 9000 2773 2503 828 787 9542 4237 6974 9527
28 9321 1062 6623 3264 9752 5867 4597 1012 4831 1680 3986 8931 954 4160 9359 2979 7733 5131 875 3342 5888 3469 7128 2667 1361 2487 8514 4977
28 4661 6597 9227 6961 1644 6746 513 8741 5278 2083 1708 5488 8248 5839 7310 7378 7438 4305 9783 4606 9298 6723 6619 9865 641 3962 5551 7820
28 4760 2803 8513 7351 2147 1612 7891 1541 4174 6666 5064 2610 2121 1873 7893 7558 1848 478 8997 5338 1528 1646 6911 6688 8559 9452 2620 3531
28 8057 553 4169 2037 8162 7381 3348 6738 3912 1207 3892 7958 1144 231 3753 1606 4244 912 3142 1992 1475 8287 8742 4531 1798 3522 5717 9510
28 8346 6001 5529 5483 1123 555 3669 6971 7045 5189 7767 2020 1972 2082 3963 6530 7994 755 2598 7821 5089 6420 1112 9025 9947 8487 5361 5269
28 7245 3856 9506 9130 1241 813 308 1525 1326 5121 4921 8335 1176 2056 9390 9400 222 6526 6127 7685 7302 712 7998 6713 9563 7938 7697 7559
28 5500 4878 1066 3866 952 7668 5925 2499 9531 8944 4732 5289 7589 3034 8490 1456 297 6938 8459 3052 4558 3676 2694 1594 6654 556 1350 8009
28 2098 5041 4067 6030 4834 8992 9864 6744 4885 525 4544 7432 4599 5265 3401 4814 64 9156 4786 6896 3206 2588 1061 4584 1975 8011 4707 5065
28 5262 1896 736 2195 6922 7158 8442 8256 9006 8309 8889 4266 9043 1936 9877 9810 9021 1213 4719 4731 7293 4324 7360 1728 2703 3816 5953 7215
28 8709 7343 3302 6925 4152 2569 9223 3480 2318 6364 2924 4565 5854 6757 9931 5924 5806 1910 1006 6383 3230 2443 9620 5402 9912 7029 3872 5033
28 5552 4989 7979 9811 931 208 7526 4315 5822 5382 3402 9057 1796 9672 3180 5662 649 5554 3414 9028 2461 7339 6209 4360 6308 4890 4256 9799
28 4753 6720 2557 7020 3391 7203 8285 6979 8993 620 5533 1172 6082 580 5804 3073 8519 9174 7624 8452 728 1481 9977 3450 5937 1369 9403 7756
28 9594 612 702 2304 3455 908 9599 6615 2274 5070 5983 5106 855 989 920 3961 8319 4261 8674 7940 5656 9849 8045 9524 5466 4552 7194 8314
28 6791 523 2418 9984 5460 4788 8968 2247 5510 7419 2100 5000 3705 7962 2151 5026 263 5357 7762 9746 6642 5088 7666 235 8981 4827 6810 7722
28 6845 4338 3640 540 3164 3332 3741 5223 2303 8466 3484 7554 858 125 5752 8759 6940 7848 5977 6219 315 1110 4790 2559 843 3697 6955 124
28 7662 9117 2777 961 3557 7842 6990 6764 9658 3398 1493 4892 3303 7298 1517 7795 2309 1941 4894 3178 6243 5190 9201 1834 2749 9505 3580 819
28 5524 6347 8297 6459 3744 5671 7513 9986 9436 9376 8623 2184 3879 2551 604 8288 8720 5773 7963 4208 9715 6254 1718 8058 9710 3138 1484 4539
28 4469 9992 3501 7699 6313 9147 5228 5315 3887 3545 6586 4689 924 1029 7265 9214 3013 4812 9083 9226 5004 2655 8985 5582 6532 2441 4345 9914
28 5160 1247 8797 5116 2212 7952 4298 8828 1081 1872 3506 3453 7157 2730 4471 3886 2945 8491 4837 3397 5544 7892 735 218 8164 7843 6830 8395
28 7427 8366 5938 6983 2633 4030 5580 901 5434 5508 3315 6310 2390 918 4855 3343 3204 8082 2662 1159 1388 8202 6799 8810 2712 5780 4135 5690
28 9194 8432 3339 9378 5713 221 1004 888 9231 8122 9087 4873 8826 7112 264 4378 381 7103 2473 4876 5892 3002 1527 6832 2514 5609 7294 6441
28 395 1424 1140 9735 873 1994 956 2613 550 5119 1228 292 1280 1294 5104 7564 5056 8684 535 8656 7686 8449 8690 2927 9579 3083 8412 1508
28 6021 1893 2604 1964 357 5714 7028 9495 8874 6715 2928 8769 6993 4288 9712 5731 5567 4299 992 4142 9373 6694 3838 1957 4291 3758 2530 5987
28 2652 6687 6664 2573 1448 4887 385 5512 8627 1431 2760 4212 8938 7346 4167 6350 2568 1931 4499 4854 2196 4000 5571 2626 3959 3840 3038 8670
28 7136 3991 5898 4151 6504 1794 9546 243 5146 790 1215 2825 1962 3003 99 2315 5174 3088 4853 5469 346 6636 2434 2721 8218 937 825 6164
28 9211 726 5345 817 3845 6027 320 1707 2624 3229 1158 4284 2019 9008 4365 3939 3319 1216 5778 6529 5902 2199 9637 8779 9863 7817 7654 7134
28 9054 7222 6935 2755 7177 5525 3997 7927 789 4163 7122 6449 799 7739 7656 4737 803 5498 3255 7160 9574 1129 808 2618 2523 3345 2634 2611
28 3384 9417 6635 2570 7519 5478 9565 2853 5369 6697 648 9218 2577 8149 6692 6930 4164 5385 4879 9656 6194 7902 7220 9277 6153 1079 1851 4184
28 8595 6425 288 3126 3898 6304 7878 3984 3130 5474 7466 6585 683 5962 6147 6111 1161 444 2596 2023 5607 9205 4468 1181 7050 3664 4526 3642
28 1187 6796 563 1499 6718 7185 2644 2027 4229 373 6318 1524 9365 2893 2032 1469 7999 8420 1823 8473 786 5358 8393 7457 4412 5667 9697 7936
28 8453 5583 8481 1417 5308 5744 745 9725 3167 5023 521 778 3415 6345 4312 3301 3004 3408 3714 4285 5663 9306 6289 7713 6783 7319 2968 7641